
> @todo/backend-rust@0.0.0 dev /home/yuki/Desktop/personal/projects/todo_trpc/backend_rust
> cargo watch -x run

[Running 'cargo run']
    Finished dev [unoptimized + debuginfo] target(s) in 0.16s
     Running `target/debug/todo_backend_rust`
listening on http://0.0.0.0:4000/rspc
[Running 'cargo run']
   Compiling todo_backend_rust v0.0.0 (/home/yuki/Desktop/personal/projects/todo_trpc/backend_rust)
    Finished dev [unoptimized + debuginfo] target(s) in 12.35s
     Running `target/debug/todo_backend_rust`
listening on http://0.0.0.0:4000/rspc
[Running 'cargo run']
    Finished dev [unoptimized + debuginfo] target(s) in 0.18s
     Running `target/debug/todo_backend_rust`
listening on http://0.0.0.0:4000/rspc
[Running 'cargo run']
    Finished dev [unoptimized + debuginfo] target(s) in 0.17s
     Running `target/debug/todo_backend_rust`
listening on http://0.0.0.0:4000/rspc
[Running 'cargo run']
    Finished dev [unoptimized + debuginfo] target(s) in 0.17s
     Running `target/debug/todo_backend_rust`
listening on http://0.0.0.0:4000/rspc
[Running 'cargo run']
   Compiling todo_backend_rust v0.0.0 (/home/yuki/Desktop/personal/projects/todo_trpc/backend_rust)
error[E0433]: failed to resolve: use of undeclared crate or module `clients`
 --> src/api.rs:2:17
  |
2 |     pub db: Arc<clients::prisma::PrismaClient>
  |                 ^^^^^^^ use of undeclared crate or module `clients`

error[E0412]: cannot find type `Arc` in this scope
 --> src/api.rs:2:13
  |
2 |     pub db: Arc<clients::prisma::PrismaClient>
  |             ^^^ not found in this scope
  |
help: consider importing one of these items
  |
1 | use crate::Arc;
  |
1 | use std::sync::Arc;
  |

error[E0412]: cannot find type `RspcCtx` in this scope
  --> src/main.rs:33:33
   |
33 |     let router = rspc::Router::<RspcCtx>::new()
   |                                 ^^^^^^^ not found in this scope
   |
help: consider importing this struct
   |
1  | use crate::api::RspcCtx;
   |

error[E0422]: cannot find struct, variant or union type `RspcCtx` in this scope
  --> src/main.rs:72:31
   |
72 |             .endpoint(move || RspcCtx {
   |                               ^^^^^^^ not found in this scope
   |
help: consider importing this struct
   |
1  | use crate::api::RspcCtx;
   |

Some errors have detailed explanations: E0412, E0422, E0433.
For more information about an error, try `rustc --explain E0412`.
error: could not compile `todo_backend_rust` due to 4 previous errors
[Finished running. Exit status: 101]
[Running 'cargo run']
   Compiling todo_backend_rust v0.0.0 (/home/yuki/Desktop/personal/projects/todo_trpc/backend_rust)
error[E0433]: failed to resolve: use of undeclared crate or module `clients`
 --> src/api.rs:5:17
  |
5 |     pub db: Arc<clients::prisma::PrismaClient>
  |                 ^^^^^^^ use of undeclared crate or module `clients`

error[E0412]: cannot find type `RspcCtx` in this scope
  --> src/main.rs:33:33
   |
33 |     let router = rspc::Router::<RspcCtx>::new()
   |                                 ^^^^^^^ not found in this scope
   |
help: consider importing this struct
   |
1  | use crate::api::RspcCtx;
   |

error[E0422]: cannot find struct, variant or union type `RspcCtx` in this scope
  --> src/main.rs:72:31
   |
72 |             .endpoint(move || RspcCtx {
   |                               ^^^^^^^ not found in this scope
   |
help: consider importing this struct
   |
1  | use crate::api::RspcCtx;
   |

warning: unused import: `std::path::PathBuf`
 --> src/api.rs:2:5
  |
2 | use std::path::PathBuf;
  |     ^^^^^^^^^^^^^^^^^^
  |
  = note: `#[warn(unused_imports)]` on by default

Some errors have detailed explanations: E0412, E0422, E0433.
For more information about an error, try `rustc --explain E0412`.
warning: `todo_backend_rust` (bin "todo_backend_rust") generated 1 warning
error: could not compile `todo_backend_rust` due to 3 previous errors; 1 warning emitted
[Finished running. Exit status: 101]
[Running 'cargo run']
   Compiling todo_backend_rust v0.0.0 (/home/yuki/Desktop/personal/projects/todo_trpc/backend_rust)
error[E0433]: failed to resolve: use of undeclared crate or module `clients`
 --> src/api.rs:4:17
  |
4 |     pub db: Arc<clients::prisma::PrismaClient>
  |                 ^^^^^^^ use of undeclared crate or module `clients`

error[E0412]: cannot find type `RspcCtx` in this scope
  --> src/main.rs:33:33
   |
33 |     let router = rspc::Router::<RspcCtx>::new()
   |                                 ^^^^^^^ not found in this scope
   |
help: consider importing this struct
   |
1  | use crate::api::RspcCtx;
   |

error[E0422]: cannot find struct, variant or union type `RspcCtx` in this scope
  --> src/main.rs:72:31
   |
72 |             .endpoint(move || RspcCtx {
   |                               ^^^^^^^ not found in this scope
   |
help: consider importing this struct
   |
1  | use crate::api::RspcCtx;
   |

Some errors have detailed explanations: E0412, E0422, E0433.
For more information about an error, try `rustc --explain E0412`.
error: could not compile `todo_backend_rust` due to 3 previous errors
[Finished running. Exit status: 101]
[Running 'cargo run']
   Compiling todo_backend_rust v0.0.0 (/home/yuki/Desktop/personal/projects/todo_trpc/backend_rust)
error[E0433]: failed to resolve: use of undeclared crate or module `clients`
 --> src/api.rs:4:17
  |
4 |     pub db: Arc<clients::prisma::PrismaClient>
  |                 ^^^^^^^ use of undeclared crate or module `clients`

error[E0412]: cannot find type `RspcCtx` in this scope
  --> src/main.rs:33:33
   |
33 |     let router = rspc::Router::<RspcCtx>::new()
   |                                 ^^^^^^^ not found in this scope
   |
help: consider importing this struct
   |
1  | use crate::api::RspcCtx;
   |

error[E0422]: cannot find struct, variant or union type `RspcCtx` in this scope
  --> src/main.rs:72:31
   |
72 |             .endpoint(move || RspcCtx {
   |                               ^^^^^^^ not found in this scope
   |
help: consider importing this struct
   |
1  | use crate::api::RspcCtx;
   |

Some errors have detailed explanations: E0412, E0422, E0433.
For more information about an error, try `rustc --explain E0412`.
error: could not compile `todo_backend_rust` due to 3 previous errors
[Finished running. Exit status: 101]
[Running 'cargo run']
   Compiling todo_backend_rust v0.0.0 (/home/yuki/Desktop/personal/projects/todo_trpc/backend_rust)
error[E0412]: cannot find type `RspcCtx` in this scope
  --> src/main.rs:33:33
   |
33 |     let router = rspc::Router::<RspcCtx>::new()
   |                                 ^^^^^^^ not found in this scope
   |
help: consider importing this struct
   |
1  | use crate::api::RspcCtx;
   |

error[E0422]: cannot find struct, variant or union type `RspcCtx` in this scope
  --> src/main.rs:72:31
   |
72 |             .endpoint(move || RspcCtx {
   |                               ^^^^^^^ not found in this scope
   |
help: consider importing this struct
   |
1  | use crate::api::RspcCtx;
   |

warning: unused import: `std::path::PathBuf`
 --> src/api.rs:2:5
  |
2 | use std::path::PathBuf;
  |     ^^^^^^^^^^^^^^^^^^
  |
  = note: `#[warn(unused_imports)]` on by default

Some errors have detailed explanations: E0412, E0422.
For more information about an error, try `rustc --explain E0412`.
warning: `todo_backend_rust` (bin "todo_backend_rust") generated 1 warning
error: could not compile `todo_backend_rust` due to 2 previous errors; 1 warning emitted
[Finished running. Exit status: 101]
[Running 'cargo run']
   Compiling todo_backend_rust v0.0.0 (/home/yuki/Desktop/personal/projects/todo_trpc/backend_rust)
error: cannot find derive macro `Deserialize` in this scope
  --> src/api.rs:10:22
   |
10 | #[derive(rspc::Type, Deserialize)]
   |                      ^^^^^^^^^^^
   |
   = note: consider importing one of these items:
           crate::Deserialize
           serde::Deserialize

error: cannot find derive macro `Deserialize` in this scope
  --> src/api.rs:16:22
   |
16 | #[derive(rspc::Type, Deserialize)]
   |                      ^^^^^^^^^^^
   |
   = note: consider importing one of these items:
           crate::Deserialize
           serde::Deserialize

error[E0412]: cannot find type `RspcCtx` in this scope
  --> src/main.rs:33:33
   |
33 |     let router = rspc::Router::<RspcCtx>::new()
   |                                 ^^^^^^^ not found in this scope
   |
help: consider importing this struct
   |
1  | use crate::api::RspcCtx;
   |

error[E0422]: cannot find struct, variant or union type `RspcCtx` in this scope
  --> src/main.rs:72:31
   |
72 |             .endpoint(move || RspcCtx {
   |                               ^^^^^^^ not found in this scope
   |
help: consider importing this struct
   |
1  | use crate::api::RspcCtx;
   |

warning: unused import: `std::path::PathBuf`
 --> src/api.rs:2:5
  |
2 | use std::path::PathBuf;
  |     ^^^^^^^^^^^^^^^^^^
  |
  = note: `#[warn(unused_imports)]` on by default

Some errors have detailed explanations: E0412, E0422.
For more information about an error, try `rustc --explain E0412`.
warning: `todo_backend_rust` (bin "todo_backend_rust") generated 1 warning
error: could not compile `todo_backend_rust` due to 4 previous errors; 1 warning emitted
[Finished running. Exit status: 101]
[Running 'cargo run']
   Compiling todo_backend_rust v0.0.0 (/home/yuki/Desktop/personal/projects/todo_trpc/backend_rust)
error: cannot find derive macro `Deserialize` in this scope
  --> src/api.rs:10:22
   |
10 | #[derive(rspc::Type, Deserialize)]
   |                      ^^^^^^^^^^^
   |
   = note: consider importing one of these items:
           crate::Deserialize
           serde::Deserialize

error: cannot find derive macro `Deserialize` in this scope
  --> src/api.rs:16:22
   |
16 | #[derive(rspc::Type, Deserialize)]
   |                      ^^^^^^^^^^^
   |
   = note: consider importing one of these items:
           crate::Deserialize
           serde::Deserialize

error[E0412]: cannot find type `RspcCtx` in this scope
  --> src/main.rs:33:33
   |
33 |     let router = rspc::Router::<RspcCtx>::new()
   |                                 ^^^^^^^ not found in this scope
   |
help: consider importing this struct
   |
1  | use crate::api::RspcCtx;
   |

error[E0422]: cannot find struct, variant or union type `RspcCtx` in this scope
  --> src/main.rs:72:31
   |
72 |             .endpoint(move || RspcCtx {
   |                               ^^^^^^^ not found in this scope
   |
help: consider importing this struct
   |
1  | use crate::api::RspcCtx;
   |

warning: unused import: `std::path::PathBuf`
 --> src/api.rs:2:5
  |
2 | use std::path::PathBuf;
  |     ^^^^^^^^^^^^^^^^^^
  |
  = note: `#[warn(unused_imports)]` on by default

Some errors have detailed explanations: E0412, E0422.
For more information about an error, try `rustc --explain E0412`.
warning: `todo_backend_rust` (bin "todo_backend_rust") generated 1 warning
error: could not compile `todo_backend_rust` due to 4 previous errors; 1 warning emitted
[Finished running. Exit status: 101]
[Running 'cargo run']
   Compiling todo_backend_rust v0.0.0 (/home/yuki/Desktop/personal/projects/todo_trpc/backend_rust)
error[E0412]: cannot find type `RspcCtx` in this scope
  --> src/main.rs:33:33
   |
33 |     let router = rspc::Router::<RspcCtx>::new()
   |                                 ^^^^^^^ not found in this scope
   |
help: consider importing this struct
   |
1  | use crate::api::RspcCtx;
   |

error[E0422]: cannot find struct, variant or union type `RspcCtx` in this scope
  --> src/main.rs:72:31
   |
72 |             .endpoint(move || RspcCtx {
   |                               ^^^^^^^ not found in this scope
   |
help: consider importing this struct
   |
1  | use crate::api::RspcCtx;
   |

warning: unused import: `std::path::PathBuf`
 --> src/api.rs:2:5
  |
2 | use std::path::PathBuf;
  |     ^^^^^^^^^^^^^^^^^^
  |
  = note: `#[warn(unused_imports)]` on by default

Some errors have detailed explanations: E0412, E0422.
For more information about an error, try `rustc --explain E0412`.
warning: `todo_backend_rust` (bin "todo_backend_rust") generated 1 warning
error: could not compile `todo_backend_rust` due to 2 previous errors; 1 warning emitted
[Finished running. Exit status: 101]
[Running 'cargo run']
   Compiling todo_backend_rust v0.0.0 (/home/yuki/Desktop/personal/projects/todo_trpc/backend_rust)
error[E0412]: cannot find type `RspcCtx` in this scope
  --> src/main.rs:33:33
   |
33 |     let router = rspc::Router::<RspcCtx>::new()
   |                                 ^^^^^^^ not found in this scope
   |
help: consider importing this struct
   |
1  | use crate::api::RspcCtx;
   |

error[E0422]: cannot find struct, variant or union type `RspcCtx` in this scope
  --> src/main.rs:72:31
   |
72 |             .endpoint(move || RspcCtx {
   |                               ^^^^^^^ not found in this scope
   |
help: consider importing this struct
   |
1  | use crate::api::RspcCtx;
   |

warning: unused import: `std::path::PathBuf`
 --> src/api.rs:2:5
  |
2 | use std::path::PathBuf;
  |     ^^^^^^^^^^^^^^^^^^
  |
  = note: `#[warn(unused_imports)]` on by default

Some errors have detailed explanations: E0412, E0422.
For more information about an error, try `rustc --explain E0412`.
warning: `todo_backend_rust` (bin "todo_backend_rust") generated 1 warning
error: could not compile `todo_backend_rust` due to 2 previous errors; 1 warning emitted
[Finished running. Exit status: 101]
[Running 'cargo run']
   Compiling todo_backend_rust v0.0.0 (/home/yuki/Desktop/personal/projects/todo_trpc/backend_rust)
error[E0412]: cannot find type `RspcCtx` in this scope
  --> src/main.rs:33:33
   |
33 |     let router = rspc::Router::<RspcCtx>::new()
   |                                 ^^^^^^^ not found in this scope
   |
help: consider importing this struct
   |
1  | use crate::api::RspcCtx;
   |

error[E0422]: cannot find struct, variant or union type `RspcCtx` in this scope
  --> src/main.rs:72:31
   |
72 |             .endpoint(move || RspcCtx {
   |                               ^^^^^^^ not found in this scope
   |
help: consider importing this struct
   |
1  | use crate::api::RspcCtx;
   |

warning: unused import: `std::path::PathBuf`
 --> src/api.rs:2:5
  |
2 | use std::path::PathBuf;
  |     ^^^^^^^^^^^^^^^^^^
  |
  = note: `#[warn(unused_imports)]` on by default

Some errors have detailed explanations: E0412, E0422.
For more information about an error, try `rustc --explain E0412`.
warning: `todo_backend_rust` (bin "todo_backend_rust") generated 1 warning
error: could not compile `todo_backend_rust` due to 2 previous errors; 1 warning emitted
[Finished running. Exit status: 101]
[Running 'cargo run']
   Compiling todo_backend_rust v0.0.0 (/home/yuki/Desktop/personal/projects/todo_trpc/backend_rust)
error[E0412]: cannot find type `RspcCtx` in this scope
  --> src/main.rs:33:33
   |
33 |     let router = rspc::Router::<RspcCtx>::new()
   |                                 ^^^^^^^ not found in this scope
   |
help: consider importing this struct
   |
1  | use crate::api::RspcCtx;
   |

error[E0422]: cannot find struct, variant or union type `RspcCtx` in this scope
  --> src/main.rs:72:31
   |
72 |             .endpoint(move || RspcCtx {
   |                               ^^^^^^^ not found in this scope
   |
help: consider importing this struct
   |
1  | use crate::api::RspcCtx;
   |

warning: unused import: `std::path::PathBuf`
 --> src/api.rs:2:5
  |
2 | use std::path::PathBuf;
  |     ^^^^^^^^^^^^^^^^^^
  |
  = note: `#[warn(unused_imports)]` on by default

Some errors have detailed explanations: E0412, E0422.
For more information about an error, try `rustc --explain E0412`.
warning: `todo_backend_rust` (bin "todo_backend_rust") generated 1 warning
error: could not compile `todo_backend_rust` due to 2 previous errors; 1 warning emitted
[Finished running. Exit status: 101]
[Running 'cargo run']
   Compiling todo_backend_rust v0.0.0 (/home/yuki/Desktop/personal/projects/todo_trpc/backend_rust)
error[E0412]: cannot find type `RspcCtx` in this scope
  --> src/main.rs:33:33
   |
33 |     let router = rspc::Router::<RspcCtx>::new()
   |                                 ^^^^^^^ not found in this scope

error[E0422]: cannot find struct, variant or union type `RspcCtx` in this scope
  --> src/main.rs:72:31
   |
72 |             .endpoint(move || RspcCtx {
   |                               ^^^^^^^ not found in this scope

warning: unused import: `std::path::PathBuf`
 --> src/api.rs:2:5
  |
2 | use std::path::PathBuf;
  |     ^^^^^^^^^^^^^^^^^^
  |
  = note: `#[warn(unused_imports)]` on by default

Some errors have detailed explanations: E0412, E0422.
For more information about an error, try `rustc --explain E0412`.
warning: `todo_backend_rust` (bin "todo_backend_rust") generated 1 warning
error: could not compile `todo_backend_rust` due to 2 previous errors; 1 warning emitted
[Finished running. Exit status: 101]
[Running 'cargo run']
   Compiling todo_backend_rust v0.0.0 (/home/yuki/Desktop/personal/projects/todo_trpc/backend_rust)
error[E0412]: cannot find type `RspcCtx` in this scope
  --> src/main.rs:33:33
   |
33 |     let router = rspc::Router::<RspcCtx>::new()
   |                                 ^^^^^^^ not found in this scope

error[E0422]: cannot find struct, variant or union type `RspcCtx` in this scope
  --> src/main.rs:72:31
   |
72 |             .endpoint(move || RspcCtx {
   |                               ^^^^^^^ not found in this scope

warning: unused import: `std::path::PathBuf`
 --> src/api.rs:2:5
  |
2 | use std::path::PathBuf;
  |     ^^^^^^^^^^^^^^^^^^
  |
  = note: `#[warn(unused_imports)]` on by default

Some errors have detailed explanations: E0412, E0422.
For more information about an error, try `rustc --explain E0412`.
warning: `todo_backend_rust` (bin "todo_backend_rust") generated 1 warning
error: could not compile `todo_backend_rust` due to 2 previous errors; 1 warning emitted
[Finished running. Exit status: 101]
[Running 'cargo run']
   Compiling todo_backend_rust v0.0.0 (/home/yuki/Desktop/personal/projects/todo_trpc/backend_rust)
error[E0412]: cannot find type `RouterBuilder` in this scope
  --> src/api.rs:27:24
   |
27 | pub(crate) fn new() -> RouterBuilder<Ctx> {
   |                        ^^^^^^^^^^^^^ not found in this scope
   |
help: consider importing one of these items
   |
1  | use crate::rspc::RouterBuilder;
   |
1  | use rspc::RouterBuilder;
   |

error[E0433]: failed to resolve: use of undeclared type `Config`
  --> src/api.rs:30:13
   |
30 |             Config::new()
   |             ^^^^^^ not found in this scope
   |
help: consider importing one of these items
   |
1  | use crate::rspc::Config;
   |
1  | use rspc::Config;
   |

error[E0412]: cannot find type `RspcCtx` in this scope
  --> src/main.rs:33:33
   |
33 |     let router = rspc::Router::<RspcCtx>::new()
   |                                 ^^^^^^^ not found in this scope

error[E0422]: cannot find struct, variant or union type `RspcCtx` in this scope
  --> src/main.rs:72:31
   |
72 |             .endpoint(move || RspcCtx {
   |                               ^^^^^^^ not found in this scope

Some errors have detailed explanations: E0412, E0422, E0433.
For more information about an error, try `rustc --explain E0412`.
error: could not compile `todo_backend_rust` due to 4 previous errors
[Finished running. Exit status: 101]
[Running 'cargo run']
   Compiling todo_backend_rust v0.0.0 (/home/yuki/Desktop/personal/projects/todo_trpc/backend_rust)
error[E0412]: cannot find type `RspcCtx` in this scope
  --> src/main.rs:33:33
   |
33 |     let router = rspc::Router::<RspcCtx>::new()
   |                                 ^^^^^^^ not found in this scope

error[E0422]: cannot find struct, variant or union type `RspcCtx` in this scope
  --> src/main.rs:72:31
   |
72 |             .endpoint(move || RspcCtx {
   |                               ^^^^^^^ not found in this scope

Some errors have detailed explanations: E0412, E0422.
For more information about an error, try `rustc --explain E0412`.
error: could not compile `todo_backend_rust` due to 2 previous errors
[Finished running. Exit status: 101]
[Running 'cargo run']
   Compiling todo_backend_rust v0.0.0 (/home/yuki/Desktop/personal/projects/todo_trpc/backend_rust)
error[E0433]: failed to resolve: use of undeclared crate or module `prisma`
  --> src/api.rs:39:39
   |
39 |             ctx.db.post().find_unique(prisma::post::id::equals(id)).exec().await.map_err(Into::into)
   |                                       ^^^^^^ use of undeclared crate or module `prisma`

error[E0433]: failed to resolve: use of undeclared crate or module `prisma`
  --> src/api.rs:45:34
   |
45 |             ctx.db.post().delete(prisma::post::id::equals(id)).exec().await.map_err(Into::into)
   |                                  ^^^^^^ use of undeclared crate or module `prisma`

error[E0433]: failed to resolve: use of undeclared crate or module `prisma`
  --> src/api.rs:49:17
   |
49 |                 prisma::post::id::equals(input.id),
   |                 ^^^^^^ use of undeclared crate or module `prisma`

error[E0433]: failed to resolve: use of undeclared crate or module `prisma`
  --> src/api.rs:51:21
   |
51 |                     prisma::post::title::set(input.title.unwrap()),
   |                     ^^^^^^ use of undeclared crate or module `prisma`

error[E0433]: failed to resolve: use of undeclared crate or module `prisma`
  --> src/api.rs:52:21
   |
52 |                     prisma::post::content::set(input.content.unwrap()),
   |                     ^^^^^^ use of undeclared crate or module `prisma`

error[E0412]: cannot find type `RspcCtx` in this scope
  --> src/main.rs:33:33
   |
33 |     let router = rspc::Router::<RspcCtx>::new()
   |                                 ^^^^^^^ not found in this scope

error[E0422]: cannot find struct, variant or union type `RspcCtx` in this scope
  --> src/main.rs:72:31
   |
72 |             .endpoint(move || RspcCtx {
   |                               ^^^^^^^ not found in this scope

warning: unused import: `Config`
 --> src/api.rs:4:27
  |
4 | use rspc::{RouterBuilder, Config};
  |                           ^^^^^^
  |
  = note: `#[warn(unused_imports)]` on by default

error[E0107]: this type alias takes 0 generic arguments but 1 generic argument was supplied
  --> src/api.rs:29:5
   |
29 |     Router::<Ctx>::new()
   |     ^^^^^^------- help: remove these generics
   |     |
   |     expected 0 generic arguments
   |
note: type alias defined here, with 0 generic parameters
  --> src/api.rs:13:10
   |
13 | pub type Router = rspc::Router<Ctx>;
   |          ^^^^^^

Some errors have detailed explanations: E0107, E0412, E0422, E0433.
For more information about an error, try `rustc --explain E0107`.
warning: `todo_backend_rust` (bin "todo_backend_rust") generated 1 warning
error: could not compile `todo_backend_rust` due to 8 previous errors; 1 warning emitted
[Finished running. Exit status: 101]
[Running 'cargo run']
   Compiling todo_backend_rust v0.0.0 (/home/yuki/Desktop/personal/projects/todo_trpc/backend_rust)
error[E0433]: failed to resolve: use of undeclared crate or module `prisma`
  --> src/api.rs:39:39
   |
39 |             ctx.db.post().find_unique(prisma::post::id::equals(id)).exec().await.map_err(Into::into)
   |                                       ^^^^^^ use of undeclared crate or module `prisma`

error[E0433]: failed to resolve: use of undeclared crate or module `prisma`
  --> src/api.rs:45:34
   |
45 |             ctx.db.post().delete(prisma::post::id::equals(id)).exec().await.map_err(Into::into)
   |                                  ^^^^^^ use of undeclared crate or module `prisma`

error[E0433]: failed to resolve: use of undeclared crate or module `prisma`
  --> src/api.rs:49:17
   |
49 |                 prisma::post::id::equals(input.id),
   |                 ^^^^^^ use of undeclared crate or module `prisma`

error[E0433]: failed to resolve: use of undeclared crate or module `prisma`
  --> src/api.rs:51:21
   |
51 |                     prisma::post::title::set(input.title.unwrap()),
   |                     ^^^^^^ use of undeclared crate or module `prisma`

error[E0433]: failed to resolve: use of undeclared crate or module `prisma`
  --> src/api.rs:52:21
   |
52 |                     prisma::post::content::set(input.content.unwrap()),
   |                     ^^^^^^ use of undeclared crate or module `prisma`

error[E0412]: cannot find type `RspcCtx` in this scope
  --> src/main.rs:33:33
   |
33 |     let router = rspc::Router::<RspcCtx>::new()
   |                                 ^^^^^^^ not found in this scope

error[E0422]: cannot find struct, variant or union type `RspcCtx` in this scope
  --> src/main.rs:72:31
   |
72 |             .endpoint(move || RspcCtx {
   |                               ^^^^^^^ not found in this scope

warning: unused import: `Config`
 --> src/api.rs:4:27
  |
4 | use rspc::{RouterBuilder, Config};
  |                           ^^^^^^
  |
  = note: `#[warn(unused_imports)]` on by default

error[E0107]: this type alias takes 0 generic arguments but 1 generic argument was supplied
  --> src/api.rs:29:5
   |
29 |     Router::<Ctx>::new()
   |     ^^^^^^------- help: remove these generics
   |     |
   |     expected 0 generic arguments
   |
note: type alias defined here, with 0 generic parameters
  --> src/api.rs:13:10
   |
13 | pub type Router = rspc::Router<Ctx>;
   |          ^^^^^^

Some errors have detailed explanations: E0107, E0412, E0422, E0433.
For more information about an error, try `rustc --explain E0107`.
warning: `todo_backend_rust` (bin "todo_backend_rust") generated 1 warning
error: could not compile `todo_backend_rust` due to 8 previous errors; 1 warning emitted
[Finished running. Exit status: 101]
[Running 'cargo run']
   Compiling todo_backend_rust v0.0.0 (/home/yuki/Desktop/personal/projects/todo_trpc/backend_rust)
error[E0433]: failed to resolve: use of undeclared crate or module `prisma`
  --> src/api.rs:39:39
   |
39 |             ctx.db.post().find_unique(prisma::post::id::equals(id)).exec().await.map_err(Into::into)
   |                                       ^^^^^^ use of undeclared crate or module `prisma`

error[E0433]: failed to resolve: use of undeclared crate or module `prisma`
  --> src/api.rs:45:34
   |
45 |             ctx.db.post().delete(prisma::post::id::equals(id)).exec().await.map_err(Into::into)
   |                                  ^^^^^^ use of undeclared crate or module `prisma`

error[E0433]: failed to resolve: use of undeclared crate or module `prisma`
  --> src/api.rs:49:17
   |
49 |                 prisma::post::id::equals(input.id),
   |                 ^^^^^^ use of undeclared crate or module `prisma`

error[E0433]: failed to resolve: use of undeclared crate or module `prisma`
  --> src/api.rs:51:21
   |
51 |                     prisma::post::title::set(input.title.unwrap()),
   |                     ^^^^^^ use of undeclared crate or module `prisma`

error[E0433]: failed to resolve: use of undeclared crate or module `prisma`
  --> src/api.rs:52:21
   |
52 |                     prisma::post::content::set(input.content.unwrap()),
   |                     ^^^^^^ use of undeclared crate or module `prisma`

error[E0412]: cannot find type `RspcCtx` in this scope
  --> src/main.rs:33:33
   |
33 |     let router = rspc::Router::<RspcCtx>::new()
   |                                 ^^^^^^^ not found in this scope

error[E0422]: cannot find struct, variant or union type `RspcCtx` in this scope
  --> src/main.rs:72:31
   |
72 |             .endpoint(move || RspcCtx {
   |                               ^^^^^^^ not found in this scope

warning: unused import: `Config`
 --> src/api.rs:4:27
  |
4 | use rspc::{RouterBuilder, Config};
  |                           ^^^^^^
  |
  = note: `#[warn(unused_imports)]` on by default

error[E0107]: this type alias takes 0 generic arguments but 1 generic argument was supplied
  --> src/api.rs:29:5
   |
29 |     Router::<Ctx>::new()
   |     ^^^^^^------- help: remove these generics
   |     |
   |     expected 0 generic arguments
   |
note: type alias defined here, with 0 generic parameters
  --> src/api.rs:13:10
   |
13 | pub type Router = rspc::Router<Ctx>;
   |          ^^^^^^

Some errors have detailed explanations: E0107, E0412, E0422, E0433.
For more information about an error, try `rustc --explain E0107`.
warning: `todo_backend_rust` (bin "todo_backend_rust") generated 1 warning
error: could not compile `todo_backend_rust` due to 8 previous errors; 1 warning emitted
[Finished running. Exit status: 101]
[Running 'cargo run']
   Compiling todo_backend_rust v0.0.0 (/home/yuki/Desktop/personal/projects/todo_trpc/backend_rust)
error[E0433]: failed to resolve: use of undeclared crate or module `prisma`
  --> src/api.rs:39:39
   |
39 |             ctx.db.post().find_unique(prisma::post::id::equals(id)).exec().await.map_err(Into::into)
   |                                       ^^^^^^ use of undeclared crate or module `prisma`

error[E0433]: failed to resolve: use of undeclared crate or module `prisma`
  --> src/api.rs:45:34
   |
45 |             ctx.db.post().delete(prisma::post::id::equals(id)).exec().await.map_err(Into::into)
   |                                  ^^^^^^ use of undeclared crate or module `prisma`

error[E0433]: failed to resolve: use of undeclared crate or module `prisma`
  --> src/api.rs:49:17
   |
49 |                 prisma::post::id::equals(input.id),
   |                 ^^^^^^ use of undeclared crate or module `prisma`

error[E0433]: failed to resolve: use of undeclared crate or module `prisma`
  --> src/api.rs:51:21
   |
51 |                     prisma::post::title::set(input.title.unwrap()),
   |                     ^^^^^^ use of undeclared crate or module `prisma`

error[E0433]: failed to resolve: use of undeclared crate or module `prisma`
  --> src/api.rs:52:21
   |
52 |                     prisma::post::content::set(input.content.unwrap()),
   |                     ^^^^^^ use of undeclared crate or module `prisma`

error[E0412]: cannot find type `RspcCtx` in this scope
  --> src/main.rs:33:33
   |
33 |     let router = rspc::Router::<RspcCtx>::new()
   |                                 ^^^^^^^ not found in this scope

error[E0422]: cannot find struct, variant or union type `RspcCtx` in this scope
  --> src/main.rs:72:31
   |
72 |             .endpoint(move || RspcCtx {
   |                               ^^^^^^^ not found in this scope

warning: unused import: `Config`
 --> src/api.rs:4:27
  |
4 | use rspc::{RouterBuilder, Config};
  |                           ^^^^^^
  |
  = note: `#[warn(unused_imports)]` on by default

error[E0107]: this type alias takes 0 generic arguments but 1 generic argument was supplied
  --> src/api.rs:29:5
   |
29 |     Router::<Ctx>::new()
   |     ^^^^^^------- help: remove these generics
   |     |
   |     expected 0 generic arguments
   |
note: type alias defined here, with 0 generic parameters
  --> src/api.rs:13:10
   |
13 | pub type Router = rspc::Router<Ctx>;
   |          ^^^^^^

Some errors have detailed explanations: E0107, E0412, E0422, E0433.
For more information about an error, try `rustc --explain E0107`.
warning: `todo_backend_rust` (bin "todo_backend_rust") generated 1 warning
error: could not compile `todo_backend_rust` due to 8 previous errors; 1 warning emitted
[Finished running. Exit status: 101]
[Running 'cargo run']
   Compiling todo_backend_rust v0.0.0 (/home/yuki/Desktop/personal/projects/todo_trpc/backend_rust)
error[E0412]: cannot find type `RspcCtx` in this scope
  --> src/main.rs:33:33
   |
33 |     let router = rspc::Router::<RspcCtx>::new()
   |                                 ^^^^^^^ not found in this scope

error[E0422]: cannot find struct, variant or union type `RspcCtx` in this scope
  --> src/main.rs:72:31
   |
72 |             .endpoint(move || RspcCtx {
   |                               ^^^^^^^ not found in this scope

warning: unused import: `Config`
 --> src/api.rs:4:27
  |
4 | use rspc::{RouterBuilder, Config};
  |                           ^^^^^^
  |
  = note: `#[warn(unused_imports)]` on by default

error[E0107]: this type alias takes 0 generic arguments but 1 generic argument was supplied
  --> src/api.rs:29:5
   |
29 |     Router::<Ctx>::new()
   |     ^^^^^^------- help: remove these generics
   |     |
   |     expected 0 generic arguments
   |
note: type alias defined here, with 0 generic parameters
  --> src/api.rs:13:10
   |
13 | pub type Router = rspc::Router<Ctx>;
   |          ^^^^^^

Some errors have detailed explanations: E0107, E0412, E0422.
For more information about an error, try `rustc --explain E0107`.
warning: `todo_backend_rust` (bin "todo_backend_rust") generated 1 warning
error: could not compile `todo_backend_rust` due to 3 previous errors; 1 warning emitted
[Finished running. Exit status: 101]
[Running 'cargo run']
   Compiling todo_backend_rust v0.0.0 (/home/yuki/Desktop/personal/projects/todo_trpc/backend_rust)
error[E0412]: cannot find type `RspcCtx` in this scope
  --> src/main.rs:33:33
   |
33 |     let router = rspc::Router::<RspcCtx>::new()
   |                                 ^^^^^^^ not found in this scope

error[E0422]: cannot find struct, variant or union type `RspcCtx` in this scope
  --> src/main.rs:72:31
   |
72 |             .endpoint(move || RspcCtx {
   |                               ^^^^^^^ not found in this scope

warning: unused import: `Config`
 --> src/api.rs:4:27
  |
4 | use rspc::{RouterBuilder, Config};
  |                           ^^^^^^
  |
  = note: `#[warn(unused_imports)]` on by default

error[E0107]: this type alias takes 0 generic arguments but 1 generic argument was supplied
  --> src/api.rs:29:5
   |
29 |     Router::<Ctx>::new()
   |     ^^^^^^------- help: remove these generics
   |     |
   |     expected 0 generic arguments
   |
note: type alias defined here, with 0 generic parameters
  --> src/api.rs:13:10
   |
13 | pub type Router = rspc::Router<Ctx>;
   |          ^^^^^^

Some errors have detailed explanations: E0107, E0412, E0422.
For more information about an error, try `rustc --explain E0107`.
warning: `todo_backend_rust` (bin "todo_backend_rust") generated 1 warning
error: could not compile `todo_backend_rust` due to 3 previous errors; 1 warning emitted
[Finished running. Exit status: 101]
[Running 'cargo run']
   Compiling todo_backend_rust v0.0.0 (/home/yuki/Desktop/personal/projects/todo_trpc/backend_rust)
error[E0412]: cannot find type `RspcCtx` in this scope
  --> src/main.rs:33:33
   |
33 |     let router = rspc::Router::<RspcCtx>::new()
   |                                 ^^^^^^^ not found in this scope

error[E0422]: cannot find struct, variant or union type `RspcCtx` in this scope
  --> src/main.rs:72:31
   |
72 |             .endpoint(move || RspcCtx {
   |                               ^^^^^^^ not found in this scope

warning: unused import: `Config`
 --> src/api.rs:4:27
  |
4 | use rspc::{RouterBuilder, Config};
  |                           ^^^^^^
  |
  = note: `#[warn(unused_imports)]` on by default

error[E0107]: this type alias takes 0 generic arguments but 1 generic argument was supplied
  --> src/api.rs:29:5
   |
29 |     Router::<Ctx>::new()
   |     ^^^^^^------- help: remove these generics
   |     |
   |     expected 0 generic arguments
   |
note: type alias defined here, with 0 generic parameters
  --> src/api.rs:13:10
   |
13 | pub type Router = rspc::Router<Ctx>;
   |          ^^^^^^

Some errors have detailed explanations: E0107, E0412, E0422.
For more information about an error, try `rustc --explain E0107`.
warning: `todo_backend_rust` (bin "todo_backend_rust") generated 1 warning
error: could not compile `todo_backend_rust` due to 3 previous errors; 1 warning emitted
[Finished running. Exit status: 101]
[Running 'cargo run']
   Compiling todo_backend_rust v0.0.0 (/home/yuki/Desktop/personal/projects/todo_trpc/backend_rust)
error: comparison operators cannot be chained
  --> src/api.rs:29:17
   |
29 |     rspc::Router<Ctx>::new()
   |                 ^   ^
   |
help: use `::<...>` instead of `<...>` to specify lifetime, type, or const arguments
   |
29 |     rspc::Router::<Ctx>::new()
   |                 ++

error[E0412]: cannot find type `RspcCtx` in this scope
  --> src/main.rs:33:33
   |
33 |     let router = rspc::Router::<RspcCtx>::new()
   |                                 ^^^^^^^ not found in this scope

error[E0422]: cannot find struct, variant or union type `RspcCtx` in this scope
  --> src/main.rs:72:31
   |
72 |             .endpoint(move || RspcCtx {
   |                               ^^^^^^^ not found in this scope

warning: unused import: `std::path::PathBuf`
 --> src/api.rs:2:5
  |
2 | use std::path::PathBuf;
  |     ^^^^^^^^^^^^^^^^^^
  |
  = note: `#[warn(unused_imports)]` on by default

warning: unused import: `Config`
 --> src/api.rs:4:27
  |
4 | use rspc::{RouterBuilder, Config};
  |                           ^^^^^^

warning: unused import: `prisma`
 --> src/api.rs:7:28
  |
7 | use crate::clients::{self, prisma};
  |                            ^^^^^^

Some errors have detailed explanations: E0412, E0422.
For more information about an error, try `rustc --explain E0412`.
warning: `todo_backend_rust` (bin "todo_backend_rust") generated 3 warnings
error: could not compile `todo_backend_rust` due to 3 previous errors; 3 warnings emitted
[Finished running. Exit status: 101]
[Running 'cargo run']
   Compiling todo_backend_rust v0.0.0 (/home/yuki/Desktop/personal/projects/todo_trpc/backend_rust)
error: comparison operators cannot be chained
  --> src/api.rs:29:17
   |
29 |     rspc::Router<Ctx>::new()
   |                 ^   ^
   |
help: use `::<...>` instead of `<...>` to specify lifetime, type, or const arguments
   |
29 |     rspc::Router::<Ctx>::new()
   |                 ++

error[E0412]: cannot find type `RspcCtx` in this scope
  --> src/main.rs:33:33
   |
33 |     let router = rspc::Router::<RspcCtx>::new()
   |                                 ^^^^^^^ not found in this scope

error[E0422]: cannot find struct, variant or union type `RspcCtx` in this scope
  --> src/main.rs:72:31
   |
72 |             .endpoint(move || RspcCtx {
   |                               ^^^^^^^ not found in this scope

warning: unused import: `std::path::PathBuf`
 --> src/api.rs:2:5
  |
2 | use std::path::PathBuf;
  |     ^^^^^^^^^^^^^^^^^^
  |
  = note: `#[warn(unused_imports)]` on by default

warning: unused import: `Config`
 --> src/api.rs:4:27
  |
4 | use rspc::{RouterBuilder, Config};
  |                           ^^^^^^

warning: unused import: `prisma`
 --> src/api.rs:7:28
  |
7 | use crate::clients::{self, prisma};
  |                            ^^^^^^

Some errors have detailed explanations: E0412, E0422.
For more information about an error, try `rustc --explain E0412`.
warning: `todo_backend_rust` (bin "todo_backend_rust") generated 3 warnings
error: could not compile `todo_backend_rust` due to 3 previous errors; 3 warnings emitted
[Finished running. Exit status: 101]
[Running 'cargo run']
   Compiling todo_backend_rust v0.0.0 (/home/yuki/Desktop/personal/projects/todo_trpc/backend_rust)
error[E0412]: cannot find type `RspcCtx` in this scope
  --> src/main.rs:33:33
   |
33 |     let router = rspc::Router::<RspcCtx>::new()
   |                                 ^^^^^^^ not found in this scope

error[E0422]: cannot find struct, variant or union type `RspcCtx` in this scope
  --> src/main.rs:72:31
   |
72 |             .endpoint(move || RspcCtx {
   |                               ^^^^^^^ not found in this scope

warning: unused import: `Config`
 --> src/api.rs:4:27
  |
4 | use rspc::{RouterBuilder, Config};
  |                           ^^^^^^
  |
  = note: `#[warn(unused_imports)]` on by default

error[E0107]: this type alias takes 0 generic arguments but 1 generic argument was supplied
  --> src/api.rs:29:5
   |
29 |     Router::<Ctx>::new()
   |     ^^^^^^------- help: remove these generics
   |     |
   |     expected 0 generic arguments
   |
note: type alias defined here, with 0 generic parameters
  --> src/api.rs:13:10
   |
13 | pub type Router = rspc::Router::<Ctx>;
   |          ^^^^^^

Some errors have detailed explanations: E0107, E0412, E0422.
For more information about an error, try `rustc --explain E0107`.
warning: `todo_backend_rust` (bin "todo_backend_rust") generated 1 warning
error: could not compile `todo_backend_rust` due to 3 previous errors; 1 warning emitted
[Finished running. Exit status: 101]
[Running 'cargo run']
   Compiling todo_backend_rust v0.0.0 (/home/yuki/Desktop/personal/projects/todo_trpc/backend_rust)
error[E0412]: cannot find type `RspcCtx` in this scope
  --> src/main.rs:33:33
   |
33 |     let router = rspc::Router::<RspcCtx>::new()
   |                                 ^^^^^^^ not found in this scope

error[E0422]: cannot find struct, variant or union type `RspcCtx` in this scope
  --> src/main.rs:72:31
   |
72 |             .endpoint(move || RspcCtx {
   |                               ^^^^^^^ not found in this scope

warning: unused import: `Config`
 --> src/api.rs:4:27
  |
4 | use rspc::{RouterBuilder, Config};
  |                           ^^^^^^
  |
  = note: `#[warn(unused_imports)]` on by default

Some errors have detailed explanations: E0412, E0422.
For more information about an error, try `rustc --explain E0412`.
warning: `todo_backend_rust` (bin "todo_backend_rust") generated 1 warning
error: could not compile `todo_backend_rust` due to 2 previous errors; 1 warning emitted
[Finished running. Exit status: 101]
[Running 'cargo run']
   Compiling todo_backend_rust v0.0.0 (/home/yuki/Desktop/personal/projects/todo_trpc/backend_rust)
error[E0412]: cannot find type `RspcCtx` in this scope
  --> src/main.rs:33:33
   |
33 |     let router = rspc::Router::<RspcCtx>::new()
   |                                 ^^^^^^^ not found in this scope

error[E0422]: cannot find struct, variant or union type `RspcCtx` in this scope
  --> src/main.rs:72:31
   |
72 |             .endpoint(move || RspcCtx {
   |                               ^^^^^^^ not found in this scope

warning: unused import: `Config`
 --> src/api.rs:4:27
  |
4 | use rspc::{RouterBuilder, Config};
  |                           ^^^^^^
  |
  = note: `#[warn(unused_imports)]` on by default

Some errors have detailed explanations: E0412, E0422.
For more information about an error, try `rustc --explain E0412`.
warning: `todo_backend_rust` (bin "todo_backend_rust") generated 1 warning
error: could not compile `todo_backend_rust` due to 2 previous errors; 1 warning emitted
[Finished running. Exit status: 101]
[Running 'cargo run']
   Compiling todo_backend_rust v0.0.0 (/home/yuki/Desktop/personal/projects/todo_trpc/backend_rust)
error[E0412]: cannot find type `RspcCtx` in this scope
  --> src/main.rs:33:33
   |
33 |     let router = rspc::Router::<RspcCtx>::new()
   |                                 ^^^^^^^ not found in this scope

error[E0422]: cannot find struct, variant or union type `RspcCtx` in this scope
  --> src/main.rs:72:31
   |
72 |             .endpoint(move || RspcCtx {
   |                               ^^^^^^^ not found in this scope

warning: unused import: `Config`
 --> src/api.rs:4:27
  |
4 | use rspc::{RouterBuilder, Config};
  |                           ^^^^^^
  |
  = note: `#[warn(unused_imports)]` on by default

error[E0107]: this type alias takes 0 generic arguments but 1 generic argument was supplied
  --> src/api.rs:29:5
   |
29 |     Router::<Ctx>::new()
   |     ^^^^^^------- help: remove these generics
   |     |
   |     expected 0 generic arguments
   |
note: type alias defined here, with 0 generic parameters
  --> src/api.rs:13:10
   |
13 | pub type Router = rspc::Router::<Ctx>;
   |          ^^^^^^

Some errors have detailed explanations: E0107, E0412, E0422.
For more information about an error, try `rustc --explain E0107`.
warning: `todo_backend_rust` (bin "todo_backend_rust") generated 1 warning
error: could not compile `todo_backend_rust` due to 3 previous errors; 1 warning emitted
[Finished running. Exit status: 101]
[Running 'cargo run']
   Compiling todo_backend_rust v0.0.0 (/home/yuki/Desktop/personal/projects/todo_trpc/backend_rust)
error[E0433]: failed to resolve: use of undeclared type `Router`
  --> src/api.rs:27:5
   |
27 |     Router::<Ctx>::new()
   |     ^^^^^^ not found in this scope
   |
help: consider importing one of these items
   |
1  | use axum::Router;
   |
1  | use crate::routing::Router;
   |
1  | use crate::rspc::Router;
   |
1  | use rspc::Router;
   |

error[E0412]: cannot find type `RspcCtx` in this scope
  --> src/main.rs:33:33
   |
33 |     let router = rspc::Router::<RspcCtx>::new()
   |                                 ^^^^^^^ not found in this scope

error[E0422]: cannot find struct, variant or union type `RspcCtx` in this scope
  --> src/main.rs:72:31
   |
72 |             .endpoint(move || RspcCtx {
   |                               ^^^^^^^ not found in this scope

warning: unused import: `Config`
 --> src/api.rs:4:27
  |
4 | use rspc::{RouterBuilder, Config};
  |                           ^^^^^^
  |
  = note: `#[warn(unused_imports)]` on by default

Some errors have detailed explanations: E0412, E0422, E0433.
For more information about an error, try `rustc --explain E0412`.
warning: `todo_backend_rust` (bin "todo_backend_rust") generated 1 warning
error: could not compile `todo_backend_rust` due to 3 previous errors; 1 warning emitted
[Finished running. Exit status: 101]
[Running 'cargo run']
   Compiling todo_backend_rust v0.0.0 (/home/yuki/Desktop/personal/projects/todo_trpc/backend_rust)
error[E0433]: failed to resolve: use of undeclared type `Router`
  --> src/api.rs:27:5
   |
27 |     Router::<Ctx>::new()
   |     ^^^^^^ not found in this scope
   |
help: consider importing one of these items
   |
1  | use axum::Router;
   |
1  | use crate::routing::Router;
   |
1  | use crate::rspc::Router;
   |
1  | use rspc::Router;
   |

error[E0412]: cannot find type `RspcCtx` in this scope
  --> src/main.rs:33:33
   |
33 |     let router = rspc::Router::<RspcCtx>::new()
   |                                 ^^^^^^^ not found in this scope

error[E0422]: cannot find struct, variant or union type `RspcCtx` in this scope
  --> src/main.rs:72:31
   |
72 |             .endpoint(move || RspcCtx {
   |                               ^^^^^^^ not found in this scope

warning: unused import: `Config`
 --> src/api.rs:4:27
  |
4 | use rspc::{RouterBuilder, Config};
  |                           ^^^^^^
  |
  = note: `#[warn(unused_imports)]` on by default

Some errors have detailed explanations: E0412, E0422, E0433.
For more information about an error, try `rustc --explain E0412`.
warning: `todo_backend_rust` (bin "todo_backend_rust") generated 1 warning
error: could not compile `todo_backend_rust` due to 3 previous errors; 1 warning emitted
[Finished running. Exit status: 101]
[Running 'cargo run']
   Compiling todo_backend_rust v0.0.0 (/home/yuki/Desktop/personal/projects/todo_trpc/backend_rust)
error[E0433]: failed to resolve: use of undeclared type `Router`
  --> src/api.rs:27:5
   |
27 |     Router::<Ctx>::new()
   |     ^^^^^^ not found in this scope
   |
help: consider importing one of these items
   |
1  | use axum::Router;
   |
1  | use crate::routing::Router;
   |
1  | use crate::rspc::Router;
   |
1  | use rspc::Router;
   |

error[E0412]: cannot find type `RspcCtx` in this scope
  --> src/main.rs:33:33
   |
33 |     let router = rspc::Router::<RspcCtx>::new()
   |                                 ^^^^^^^ not found in this scope

error[E0422]: cannot find struct, variant or union type `RspcCtx` in this scope
  --> src/main.rs:72:31
   |
72 |             .endpoint(move || RspcCtx {
   |                               ^^^^^^^ not found in this scope

Some errors have detailed explanations: E0412, E0422, E0433.
For more information about an error, try `rustc --explain E0412`.
error: could not compile `todo_backend_rust` due to 3 previous errors
[Finished running. Exit status: 101]
[Running 'cargo run']
   Compiling todo_backend_rust v0.0.0 (/home/yuki/Desktop/personal/projects/todo_trpc/backend_rust)
error[E0412]: cannot find type `RspcCtx` in this scope
  --> src/main.rs:33:33
   |
33 |     let router = rspc::Router::<RspcCtx>::new()
   |                                 ^^^^^^^ not found in this scope

error[E0422]: cannot find struct, variant or union type `RspcCtx` in this scope
  --> src/main.rs:72:31
   |
72 |             .endpoint(move || RspcCtx {
   |                               ^^^^^^^ not found in this scope

Some errors have detailed explanations: E0412, E0422.
For more information about an error, try `rustc --explain E0412`.
error: could not compile `todo_backend_rust` due to 2 previous errors
[Finished running. Exit status: 101]
[Running 'cargo run']
   Compiling todo_backend_rust v0.0.0 (/home/yuki/Desktop/personal/projects/todo_trpc/backend_rust)
error[E0433]: failed to resolve: use of undeclared type `Arc`
  --> src/main.rs:16:14
   |
16 |     let db = Arc::new(clients::prisma::new_client().await.unwrap());
   |              ^^^ not found in this scope
   |
help: consider importing this struct
   |
2  | use std::sync::Arc;
   |

error[E0422]: cannot find struct, variant or union type `RspcCtx` in this scope
  --> src/main.rs:28:31
   |
28 |             .endpoint(move || RspcCtx {
   |                               ^^^^^^^ not found in this scope

warning: unused import: `serde::Deserialize`
 --> src/main.rs:2:5
  |
2 | use serde::Deserialize;
  |     ^^^^^^^^^^^^^^^^^^
  |
  = note: `#[warn(unused_imports)]` on by default

warning: unused import: `rspc`
 --> src/main.rs:4:5
  |
4 | use rspc;
  |     ^^^^

warning: unused import: `clients::prisma`
 --> src/main.rs:8:5
  |
8 | use clients::prisma;
  |     ^^^^^^^^^^^^^^^

Some errors have detailed explanations: E0422, E0433.
For more information about an error, try `rustc --explain E0422`.
warning: `todo_backend_rust` (bin "todo_backend_rust") generated 3 warnings
error: could not compile `todo_backend_rust` due to 2 previous errors; 3 warnings emitted
[Finished running. Exit status: 101]
[Running 'cargo run']
   Compiling todo_backend_rust v0.0.0 (/home/yuki/Desktop/personal/projects/todo_trpc/backend_rust)
error[E0433]: failed to resolve: use of undeclared type `Arc`
  --> src/main.rs:16:14
   |
16 |     let db = Arc::new(clients::prisma::new_client().await.unwrap());
   |              ^^^ not found in this scope
   |
help: consider importing this struct
   |
2  | use std::sync::Arc;
   |

error[E0422]: cannot find struct, variant or union type `RspcCtx` in this scope
  --> src/main.rs:28:31
   |
28 |             .endpoint(move || RspcCtx {
   |                               ^^^^^^^ not found in this scope

warning: unused import: `serde::Deserialize`
 --> src/main.rs:2:5
  |
2 | use serde::Deserialize;
  |     ^^^^^^^^^^^^^^^^^^
  |
  = note: `#[warn(unused_imports)]` on by default

warning: unused import: `rspc`
 --> src/main.rs:4:5
  |
4 | use rspc;
  |     ^^^^

warning: unused import: `clients::prisma`
 --> src/main.rs:8:5
  |
8 | use clients::prisma;
  |     ^^^^^^^^^^^^^^^

Some errors have detailed explanations: E0422, E0433.
For more information about an error, try `rustc --explain E0422`.
warning: `todo_backend_rust` (bin "todo_backend_rust") generated 3 warnings
error: could not compile `todo_backend_rust` due to 2 previous errors; 3 warnings emitted
[Finished running. Exit status: 101]
[Running 'cargo run']
   Compiling todo_backend_rust v0.0.0 (/home/yuki/Desktop/personal/projects/todo_trpc/backend_rust)
error[E0433]: failed to resolve: use of undeclared type `Arc`
  --> src/main.rs:14:14
   |
14 |     let db = Arc::new(clients::prisma::new_client().await.unwrap());
   |              ^^^ not found in this scope
   |
help: consider importing this struct
   |
2  | use std::sync::Arc;
   |

error[E0422]: cannot find struct, variant or union type `RspcCtx` in this scope
  --> src/main.rs:26:31
   |
26 |             .endpoint(move || RspcCtx {
   |                               ^^^^^^^ not found in this scope

warning: unused import: `clients::prisma`
 --> src/main.rs:6:5
  |
6 | use clients::prisma;
  |     ^^^^^^^^^^^^^^^
  |
  = note: `#[warn(unused_imports)]` on by default

Some errors have detailed explanations: E0422, E0433.
For more information about an error, try `rustc --explain E0422`.
warning: `todo_backend_rust` (bin "todo_backend_rust") generated 1 warning
error: could not compile `todo_backend_rust` due to 2 previous errors; 1 warning emitted
[Finished running. Exit status: 101]
[Running 'cargo run']
   Compiling todo_backend_rust v0.0.0 (/home/yuki/Desktop/personal/projects/todo_trpc/backend_rust)
error[E0433]: failed to resolve: use of undeclared type `Arc`
  --> src/main.rs:14:14
   |
14 |     let db = Arc::new(clients::prisma::new_client().await.unwrap());
   |              ^^^ not found in this scope
   |
help: consider importing this struct
   |
2  | use std::sync::Arc;
   |

error[E0422]: cannot find struct, variant or union type `Ctx` in this scope
  --> src/main.rs:26:31
   |
26 |             .endpoint(move || Ctx {
   |                               ^^^ not found in this scope
   |
help: consider importing this struct
   |
2  | use crate::api::Ctx;
   |

warning: unused import: `clients::prisma`
 --> src/main.rs:6:5
  |
6 | use clients::prisma;
  |     ^^^^^^^^^^^^^^^
  |
  = note: `#[warn(unused_imports)]` on by default

Some errors have detailed explanations: E0422, E0433.
For more information about an error, try `rustc --explain E0422`.
warning: `todo_backend_rust` (bin "todo_backend_rust") generated 1 warning
error: could not compile `todo_backend_rust` due to 2 previous errors; 1 warning emitted
[Finished running. Exit status: 101]
[Running 'cargo run']
   Compiling todo_backend_rust v0.0.0 (/home/yuki/Desktop/personal/projects/todo_trpc/backend_rust)
error[E0433]: failed to resolve: use of undeclared type `Arc`
  --> src/main.rs:14:14
   |
14 |     let db = Arc::new(clients::prisma::new_client().await.unwrap());
   |              ^^^ not found in this scope
   |
help: consider importing this struct
   |
2  | use std::sync::Arc;
   |

error[E0422]: cannot find struct, variant or union type `Ctx` in this scope
  --> src/main.rs:26:31
   |
26 |             .endpoint(move || Ctx {
   |                               ^^^ not found in this scope
   |
help: consider importing this struct
   |
2  | use crate::api::Ctx;
   |

warning: unused import: `clients::prisma`
 --> src/main.rs:6:5
  |
6 | use clients::prisma;
  |     ^^^^^^^^^^^^^^^
  |
  = note: `#[warn(unused_imports)]` on by default

Some errors have detailed explanations: E0422, E0433.
For more information about an error, try `rustc --explain E0422`.
warning: `todo_backend_rust` (bin "todo_backend_rust") generated 1 warning
error: could not compile `todo_backend_rust` due to 2 previous errors; 1 warning emitted
[Finished running. Exit status: 101]
[Running 'cargo run']
   Compiling todo_backend_rust v0.0.0 (/home/yuki/Desktop/personal/projects/todo_trpc/backend_rust)
error[E0433]: failed to resolve: use of undeclared type `Arc`
  --> src/main.rs:14:14
   |
14 |     let db = Arc::new(clients::prisma::new_client().await.unwrap());
   |              ^^^ not found in this scope
   |
help: consider importing this struct
   |
2  | use std::sync::Arc;
   |

warning: unused import: `clients::prisma`
 --> src/main.rs:6:5
  |
6 | use clients::prisma;
  |     ^^^^^^^^^^^^^^^
  |
  = note: `#[warn(unused_imports)]` on by default

For more information about this error, try `rustc --explain E0433`.
warning: `todo_backend_rust` (bin "todo_backend_rust") generated 1 warning
error: could not compile `todo_backend_rust` due to previous error; 1 warning emitted
[Finished running. Exit status: 101]
[Running 'cargo run']
   Compiling todo_backend_rust v0.0.0 (/home/yuki/Desktop/personal/projects/todo_trpc/backend_rust)
warning: unused import: `clients::prisma`
 --> src/main.rs:8:5
  |
8 | use clients::prisma;
  |     ^^^^^^^^^^^^^^^
  |
  = note: `#[warn(unused_imports)]` on by default

[Running 'cargo run']
    Blocking waiting for file lock on build directory
   Compiling todo_backend_rust v0.0.0 (/home/yuki/Desktop/personal/projects/todo_trpc/backend_rust)
    Finished dev [unoptimized + debuginfo] target(s) in 12.23s
     Running `target/debug/todo_backend_rust`
listening on http://0.0.0.0:4000/rspc
[Running 'cargo run']
    Finished dev [unoptimized + debuginfo] target(s) in 0.16s
     Running `target/debug/todo_backend_rust`
listening on http://0.0.0.0:4000/rspc
[Running 'cargo run']
    Finished dev [unoptimized + debuginfo] target(s) in 0.18s
     Running `target/debug/todo_backend_rust`
listening on http://0.0.0.0:4000/rspc
[Running 'cargo run']
    Finished dev [unoptimized + debuginfo] target(s) in 0.17s
     Running `target/debug/todo_backend_rust`
listening on http://0.0.0.0:4000/rspc
[Running 'cargo run']
   Compiling todo_backend_rust v0.0.0 (/home/yuki/Desktop/personal/projects/todo_trpc/backend_rust)
error[E0433]: failed to resolve: use of undeclared crate or module `prisma`
 --> src/router.rs:1:20
  |
1 | fn new(prisma: Arc<prisma::PrismaClient>) -> axum::Router {
  |                    ^^^^^^ use of undeclared crate or module `prisma`

error[E0412]: cannot find type `Arc` in this scope
 --> src/router.rs:1:16
  |
1 | fn new(prisma: Arc<prisma::PrismaClient>) -> axum::Router {
  |                ^^^ not found in this scope
  |
help: consider importing one of these items
  |
1 | use crate::Arc;
  |
1 | use std::sync::Arc;
  |

error[E0308]: mismatched types
 --> src/router.rs:1:46
  |
1 | fn new(prisma: Arc<prisma::PrismaClient>) -> axum::Router {
  |    ---                                       ^^^^^^^^^^^^ expected struct `axum::Router`, found `()`
  |    |
  |    implicitly returns `()` as its body has no tail or `return` expression
  |
  = note: expected struct `axum::Router`
          found unit type `()`

Some errors have detailed explanations: E0308, E0412, E0433.
For more information about an error, try `rustc --explain E0308`.
error: could not compile `todo_backend_rust` due to 3 previous errors
[Finished running. Exit status: 101]
[Running 'cargo run']
   Compiling todo_backend_rust v0.0.0 (/home/yuki/Desktop/personal/projects/todo_trpc/backend_rust)
error[E0433]: failed to resolve: use of undeclared crate or module `prisma`
 --> src/router.rs:1:20
  |
1 | fn new(prisma: Arc<prisma::PrismaClient>) -> axum::Router {
  |                    ^^^^^^ use of undeclared crate or module `prisma`

error[E0412]: cannot find type `Arc` in this scope
 --> src/router.rs:1:16
  |
1 | fn new(prisma: Arc<prisma::PrismaClient>) -> axum::Router {
  |                ^^^ not found in this scope
  |
help: consider importing one of these items
  |
1 | use crate::Arc;
  |
1 | use std::sync::Arc;
  |

error[E0308]: mismatched types
 --> src/router.rs:1:46
  |
1 | fn new(prisma: Arc<prisma::PrismaClient>) -> axum::Router {
  |    ---                                       ^^^^^^^^^^^^ expected struct `axum::Router`, found `()`
  |    |
  |    implicitly returns `()` as its body has no tail or `return` expression
  |
  = note: expected struct `axum::Router`
          found unit type `()`

Some errors have detailed explanations: E0308, E0412, E0433.
For more information about an error, try `rustc --explain E0308`.
error: could not compile `todo_backend_rust` due to 3 previous errors
[Finished running. Exit status: 101]
[Running 'cargo run']
   Compiling todo_backend_rust v0.0.0 (/home/yuki/Desktop/personal/projects/todo_trpc/backend_rust)
error[E0308]: mismatched types
 --> src/router.rs:5:46
  |
5 | fn new(prisma: Arc<prisma::PrismaClient>) -> axum::Router {
  |    ---                                       ^^^^^^^^^^^^ expected struct `axum::Router`, found `()`
  |    |
  |    implicitly returns `()` as its body has no tail or `return` expression
  |
  = note: expected struct `axum::Router`
          found unit type `()`

For more information about this error, try `rustc --explain E0308`.
error: could not compile `todo_backend_rust` due to previous error
[Finished running. Exit status: 101]
[Running 'cargo run']
   Compiling todo_backend_rust v0.0.0 (/home/yuki/Desktop/personal/projects/todo_trpc/backend_rust)
error[E0308]: mismatched types
 --> src/router.rs:5:46
  |
5 | fn new(prisma: Arc<prisma::PrismaClient>) -> axum::Router {
  |    ---                                       ^^^^^^^^^^^^ expected struct `axum::Router`, found `()`
  |    |
  |    implicitly returns `()` as its body has no tail or `return` expression
  |
  = note: expected struct `axum::Router`
          found unit type `()`

For more information about this error, try `rustc --explain E0308`.
error: could not compile `todo_backend_rust` due to previous error
[Finished running. Exit status: 101]
[Running 'cargo run']
   Compiling todo_backend_rust v0.0.0 (/home/yuki/Desktop/personal/projects/todo_trpc/backend_rust)
error[E0433]: failed to resolve: use of undeclared crate or module `cors`
 --> src/router.rs:7:24
  |
7 |         .allow_methods(cors::Any)
  |                        ^^^^ use of undeclared crate or module `cors`
  |
help: there is a crate or module with a similar name
  |
7 |         .allow_methods(core::Any)
  |                        ~~~~

error[E0433]: failed to resolve: use of undeclared crate or module `cors`
 --> src/router.rs:8:24
  |
8 |         .allow_headers(cors::Any)
  |                        ^^^^ use of undeclared crate or module `cors`
  |
help: there is a crate or module with a similar name
  |
8 |         .allow_headers(core::Any)
  |                        ~~~~

error[E0433]: failed to resolve: use of undeclared crate or module `cors`
 --> src/router.rs:9:23
  |
9 |         .allow_origin(cors::Any);
  |                       ^^^^ use of undeclared crate or module `cors`
  |
help: there is a crate or module with a similar name
  |
9 |         .allow_origin(core::Any);
  |                       ~~~~

error[E0433]: failed to resolve: use of undeclared crate or module `cors`
 --> src/router.rs:6:22
  |
6 |     let cors = cors::CorsLayer::new()
  |                      ^^^^^^^^^ not found in `cors`
  |
help: consider importing one of these items
  |
1 | use crate::cors::CorsLayer;
  |
1 | use tower_http::cors::CorsLayer;
  |
help: if you import `CorsLayer`, refer to it directly
  |
6 -     let cors = cors::CorsLayer::new()
6 +     let cors = CorsLayer::new()
  |

error[E0308]: mismatched types
 --> src/router.rs:5:46
  |
5 | fn new(prisma: Arc<prisma::PrismaClient>) -> axum::Router {
  |    ---                                       ^^^^^^^^^^^^ expected struct `axum::Router`, found `()`
  |    |
  |    implicitly returns `()` as its body has no tail or `return` expression
  |
  = note: expected struct `axum::Router`
          found unit type `()`
help: consider returning the local binding `cors`
  |
9 ~         .allow_origin(cors::Any);
10+     cors
  |

Some errors have detailed explanations: E0308, E0433.
For more information about an error, try `rustc --explain E0308`.
error: could not compile `todo_backend_rust` due to 5 previous errors
[Finished running. Exit status: 101]
[Running 'cargo run']
   Compiling todo_backend_rust v0.0.0 (/home/yuki/Desktop/personal/projects/todo_trpc/backend_rust)
error[E0433]: failed to resolve: use of undeclared crate or module `cors`
 --> src/router.rs:7:24
  |
7 |         .allow_methods(cors::Any)
  |                        ^^^^ use of undeclared crate or module `cors`
  |
help: there is a crate or module with a similar name
  |
7 |         .allow_methods(core::Any)
  |                        ~~~~

error[E0433]: failed to resolve: use of undeclared crate or module `cors`
 --> src/router.rs:8:24
  |
8 |         .allow_headers(cors::Any)
  |                        ^^^^ use of undeclared crate or module `cors`
  |
help: there is a crate or module with a similar name
  |
8 |         .allow_headers(core::Any)
  |                        ~~~~

error[E0433]: failed to resolve: use of undeclared crate or module `cors`
 --> src/router.rs:9:23
  |
9 |         .allow_origin(cors::Any);
  |                       ^^^^ use of undeclared crate or module `cors`
  |
help: there is a crate or module with a similar name
  |
9 |         .allow_origin(core::Any);
  |                       ~~~~

error[E0433]: failed to resolve: use of undeclared crate or module `cors`
 --> src/router.rs:6:22
  |
6 |     let cors = cors::CorsLayer::new()
  |                      ^^^^^^^^^ not found in `cors`
  |
help: consider importing one of these items
  |
1 | use crate::cors::CorsLayer;
  |
1 | use tower_http::cors::CorsLayer;
  |
help: if you import `CorsLayer`, refer to it directly
  |
6 -     let cors = cors::CorsLayer::new()
6 +     let cors = CorsLayer::new()
  |

error[E0308]: mismatched types
 --> src/router.rs:5:46
  |
5 | fn new(prisma: Arc<prisma::PrismaClient>) -> axum::Router {
  |    ---                                       ^^^^^^^^^^^^ expected struct `axum::Router`, found `()`
  |    |
  |    implicitly returns `()` as its body has no tail or `return` expression
  |
  = note: expected struct `axum::Router`
          found unit type `()`
help: consider returning the local binding `cors`
  |
9 ~         .allow_origin(cors::Any);
10+     cors
  |

Some errors have detailed explanations: E0308, E0433.
For more information about an error, try `rustc --explain E0308`.
error: could not compile `todo_backend_rust` due to 5 previous errors
[Finished running. Exit status: 101]
[Running 'cargo run']
   Compiling todo_backend_rust v0.0.0 (/home/yuki/Desktop/personal/projects/todo_trpc/backend_rust)
error[E0433]: failed to resolve: use of undeclared crate or module `cors`
 --> src/router.rs:7:24
  |
7 |         .allow_methods(cors::Any)
  |                        ^^^^ use of undeclared crate or module `cors`
  |
help: there is a crate or module with a similar name
  |
7 |         .allow_methods(core::Any)
  |                        ~~~~

error[E0433]: failed to resolve: use of undeclared crate or module `cors`
 --> src/router.rs:8:24
  |
8 |         .allow_headers(cors::Any)
  |                        ^^^^ use of undeclared crate or module `cors`
  |
help: there is a crate or module with a similar name
  |
8 |         .allow_headers(core::Any)
  |                        ~~~~

error[E0433]: failed to resolve: use of undeclared crate or module `cors`
 --> src/router.rs:9:23
  |
9 |         .allow_origin(cors::Any);
  |                       ^^^^ use of undeclared crate or module `cors`
  |
help: there is a crate or module with a similar name
  |
9 |         .allow_origin(core::Any);
  |                       ~~~~

error[E0433]: failed to resolve: use of undeclared crate or module `cors`
 --> src/router.rs:6:22
  |
6 |     let cors = cors::CorsLayer::new()
  |                      ^^^^^^^^^ not found in `cors`
  |
help: consider importing one of these items
  |
1 | use crate::cors::CorsLayer;
  |
1 | use tower_http::cors::CorsLayer;
  |
help: if you import `CorsLayer`, refer to it directly
  |
6 -     let cors = cors::CorsLayer::new()
6 +     let cors = CorsLayer::new()
  |

error[E0308]: mismatched types
 --> src/router.rs:5:46
  |
5 | fn new(prisma: Arc<prisma::PrismaClient>) -> axum::Router {
  |    ---                                       ^^^^^^^^^^^^ expected struct `axum::Router`, found `()`
  |    |
  |    implicitly returns `()` as its body has no tail or `return` expression
  |
  = note: expected struct `axum::Router`
          found unit type `()`
help: consider returning the local binding `cors`
  |
9 ~         .allow_origin(cors::Any);
10+     cors
  |

Some errors have detailed explanations: E0308, E0433.
For more information about an error, try `rustc --explain E0308`.
error: could not compile `todo_backend_rust` due to 5 previous errors
[Finished running. Exit status: 101]
[Running 'cargo run']
   Compiling todo_backend_rust v0.0.0 (/home/yuki/Desktop/personal/projects/todo_trpc/backend_rust)
error[E0308]: mismatched types
 --> src/router.rs:7:46
  |
7 | fn new(prisma: Arc<prisma::PrismaClient>) -> axum::Router {
  |    ---                                       ^^^^^^^^^^^^ expected struct `axum::Router`, found `()`
  |    |
  |    implicitly returns `()` as its body has no tail or `return` expression
  |
  = note: expected struct `axum::Router`
          found unit type `()`

For more information about this error, try `rustc --explain E0308`.
error: could not compile `todo_backend_rust` due to previous error
[Finished running. Exit status: 101]
[Running 'cargo run']
   Compiling todo_backend_rust v0.0.0 (/home/yuki/Desktop/personal/projects/todo_trpc/backend_rust)
error[E0433]: failed to resolve: use of undeclared crate or module `routing`
  --> src/router.rs:14:21
   |
14 |         .route("/", routing::get(|| async { "Hello 'rspc'!" }))
   |                     ^^^^^^^ use of undeclared crate or module `routing`

error[E0433]: failed to resolve: use of undeclared crate or module `api`
  --> src/router.rs:16:31
   |
16 |             .endpoint(move || api::Ctx {
   |                               ^^^ use of undeclared crate or module `api`

error[E0425]: cannot find value `router` in this scope
  --> src/router.rs:15:29
   |
15 |         .route("/rspc/:id", router
   |                             ^^^^^^ not found in this scope

error[E0425]: cannot find value `db` in this scope
  --> src/router.rs:17:21
   |
17 |                 db: db.clone()
   |                     ^^ not found in this scope

Some errors have detailed explanations: E0425, E0433.
For more information about an error, try `rustc --explain E0425`.
error: could not compile `todo_backend_rust` due to 4 previous errors
[Finished running. Exit status: 101]
[Running 'cargo run']
   Compiling todo_backend_rust v0.0.0 (/home/yuki/Desktop/personal/projects/todo_trpc/backend_rust)
error[E0433]: failed to resolve: use of undeclared crate or module `routing`
  --> src/router.rs:14:21
   |
14 |         .route("/", routing::get(|| async { "Hello 'rspc'!" }))
   |                     ^^^^^^^ use of undeclared crate or module `routing`

error[E0433]: failed to resolve: use of undeclared crate or module `api`
  --> src/router.rs:16:31
   |
16 |             .endpoint(move || api::Ctx {
   |                               ^^^ use of undeclared crate or module `api`

error[E0425]: cannot find value `router` in this scope
  --> src/router.rs:15:29
   |
15 |         .route("/rspc/:id", router
   |                             ^^^^^^ not found in this scope

error[E0425]: cannot find value `db` in this scope
  --> src/router.rs:17:21
   |
17 |                 db: db.clone()
   |                     ^^ not found in this scope

Some errors have detailed explanations: E0425, E0433.
For more information about an error, try `rustc --explain E0425`.
error: could not compile `todo_backend_rust` due to 4 previous errors
[Finished running. Exit status: 101]
[Running 'cargo run']
   Compiling todo_backend_rust v0.0.0 (/home/yuki/Desktop/personal/projects/todo_trpc/backend_rust)
error[E0433]: failed to resolve: use of undeclared crate or module `api`
  --> src/router.rs:17:31
   |
17 |             .endpoint(move || api::Ctx {
   |                               ^^^ use of undeclared crate or module `api`

error[E0425]: cannot find value `router` in this scope
  --> src/router.rs:16:29
   |
16 |         .route("/rspc/:id", router
   |                             ^^^^^^ not found in this scope

error[E0425]: cannot find value `db` in this scope
  --> src/router.rs:18:21
   |
18 |                 db: db.clone()
   |                     ^^ not found in this scope

Some errors have detailed explanations: E0425, E0433.
For more information about an error, try `rustc --explain E0425`.
error: could not compile `todo_backend_rust` due to 3 previous errors
[Finished running. Exit status: 101]
[Running 'cargo run']
   Compiling todo_backend_rust v0.0.0 (/home/yuki/Desktop/personal/projects/todo_trpc/backend_rust)
error[E0433]: failed to resolve: use of undeclared crate or module `api`
  --> src/router.rs:20:31
   |
20 |             .endpoint(move || api::Ctx {
   |                               ^^^ use of undeclared crate or module `api`

error[E0412]: cannot find type `Router` in this scope
 --> src/router.rs:9:14
  |
9 |     api: Arc<Router<Ctx>>,
  |              ^^^^^^ not found in this scope
  |
help: consider importing one of these items
  |
1 | use axum::Router;
  |
1 | use crate::routing::Router;
  |
1 | use rspc::Router;
  |

error[E0412]: cannot find type `Ctx` in this scope
 --> src/router.rs:9:21
  |
9 |     api: Arc<Router<Ctx>>,
  |                     ^^^ not found in this scope
  |
help: consider importing this struct
  |
1 | use crate::api::Ctx;
  |

error[E0425]: cannot find value `router` in this scope
  --> src/router.rs:19:29
   |
19 |         .route("/rspc/:id", router
   |                             ^^^^^^ not found in this scope

error[E0425]: cannot find value `db` in this scope
  --> src/router.rs:21:21
   |
21 |                 db: db.clone()
   |                     ^^ not found in this scope

Some errors have detailed explanations: E0412, E0425, E0433.
For more information about an error, try `rustc --explain E0412`.
error: could not compile `todo_backend_rust` due to 5 previous errors
[Finished running. Exit status: 101]
[Running 'cargo run']
   Compiling todo_backend_rust v0.0.0 (/home/yuki/Desktop/personal/projects/todo_trpc/backend_rust)
error[E0433]: failed to resolve: use of undeclared crate or module `api`
  --> src/router.rs:21:31
   |
21 |             .endpoint(move || api::Ctx {
   |                               ^^^ use of undeclared crate or module `api`

error[E0425]: cannot find value `router` in this scope
  --> src/router.rs:20:29
   |
20 |         .route("/rspc/:id", router
   |                             ^^^^^^ not found in this scope

error[E0425]: cannot find value `db` in this scope
  --> src/router.rs:22:21
   |
22 |                 db: db.clone()
   |                     ^^ not found in this scope

Some errors have detailed explanations: E0425, E0433.
For more information about an error, try `rustc --explain E0425`.
error: could not compile `todo_backend_rust` due to 3 previous errors
[Finished running. Exit status: 101]
[Running 'cargo run']
   Compiling todo_backend_rust v0.0.0 (/home/yuki/Desktop/personal/projects/todo_trpc/backend_rust)
error[E0433]: failed to resolve: use of undeclared crate or module `api`
  --> src/router.rs:21:31
   |
21 |             .endpoint(move || api::Ctx {
   |                               ^^^ use of undeclared crate or module `api`

error[E0425]: cannot find value `router` in this scope
  --> src/router.rs:20:29
   |
20 |         .route("/rspc/:id", router
   |                             ^^^^^^ not found in this scope

error[E0425]: cannot find value `db` in this scope
  --> src/router.rs:22:21
   |
22 |                 db: db.clone()
   |                     ^^ not found in this scope

Some errors have detailed explanations: E0425, E0433.
For more information about an error, try `rustc --explain E0425`.
error: could not compile `todo_backend_rust` due to 3 previous errors
[Finished running. Exit status: 101]
[Running 'cargo run']
   Compiling todo_backend_rust v0.0.0 (/home/yuki/Desktop/personal/projects/todo_trpc/backend_rust)
error[E0433]: failed to resolve: use of undeclared crate or module `api`
  --> src/router.rs:21:31
   |
21 |             .endpoint(move || api::Ctx {
   |                               ^^^ use of undeclared crate or module `api`

error[E0425]: cannot find value `db` in this scope
  --> src/router.rs:22:21
   |
22 |                 db: db.clone()
   |                     ^^ not found in this scope

Some errors have detailed explanations: E0425, E0433.
For more information about an error, try `rustc --explain E0425`.
error: could not compile `todo_backend_rust` due to 2 previous errors
[Finished running. Exit status: 101]
[Running 'cargo run']
   Compiling todo_backend_rust v0.0.0 (/home/yuki/Desktop/personal/projects/todo_trpc/backend_rust)
error[E0425]: cannot find value `db` in this scope
  --> src/router.rs:22:21
   |
22 |                 db: db.clone()
   |                     ^^ not found in this scope

For more information about this error, try `rustc --explain E0425`.
error: could not compile `todo_backend_rust` due to previous error
[Finished running. Exit status: 101]
[Running 'cargo run']
   Compiling todo_backend_rust v0.0.0 (/home/yuki/Desktop/personal/projects/todo_trpc/backend_rust)
warning: function `new` is never used
 --> src/router.rs:9:4
  |
9 | fn new(
  |    ^^^
  |
  = note: `#[warn(dead_code)]` on by default

[Running 'cargo run']
    Blocking waiting for file lock on build directory
   Compiling todo_backend_rust v0.0.0 (/home/yuki/Desktop/personal/projects/todo_trpc/backend_rust)
warning: function `new` is never used
 --> src/router.rs:9:8
  |
9 | pub fn new(
  |        ^^^
  |
  = note: `#[warn(dead_code)]` on by default

warning: `todo_backend_rust` (bin "todo_backend_rust") generated 1 warning
    Finished dev [unoptimized + debuginfo] target(s) in 12.30s
     Running `target/debug/todo_backend_rust`
listening on http://0.0.0.0:4000/rspc
[Running 'cargo run']
   Compiling todo_backend_rust v0.0.0 (/home/yuki/Desktop/personal/projects/todo_trpc/backend_rust)
error[E0423]: expected value, found module `cors`
  --> src/main.rs:30:16
   |
30 |         .layer(cors);
   |                ^^^^ not a value

error[E0599]: no method named `endpoint` found for struct `axum::Router` in the current scope
  --> src/main.rs:25:14
   |
25 |             .endpoint(move || api::Ctx {
   |              ^^^^^^^^ method not found in `axum::Router`

Some errors have detailed explanations: E0423, E0599.
For more information about an error, try `rustc --explain E0423`.
error: could not compile `todo_backend_rust` due to 2 previous errors
[Finished running. Exit status: 101]
[Running 'cargo run']
   Compiling todo_backend_rust v0.0.0 (/home/yuki/Desktop/personal/projects/todo_trpc/backend_rust)
error[E0423]: expected value, found module `cors`
  --> src/main.rs:30:16
   |
30 |         .layer(cors);
   |                ^^^^ not a value

error[E0599]: no method named `endpoint` found for struct `axum::Router` in the current scope
  --> src/main.rs:25:14
   |
25 |             .endpoint(move || api::Ctx {
   |              ^^^^^^^^ method not found in `axum::Router`

Some errors have detailed explanations: E0423, E0599.
For more information about an error, try `rustc --explain E0423`.
error: could not compile `todo_backend_rust` due to 2 previous errors
[Finished running. Exit status: 101]
[Running 'cargo run']
   Compiling todo_backend_rust v0.0.0 (/home/yuki/Desktop/personal/projects/todo_trpc/backend_rust)
warning: unused import: `tower_http::cors`
 --> src/main.rs:4:5
  |
4 | use tower_http::cors;
  |     ^^^^^^^^^^^^^^^^
  |
  = note: `#[warn(unused_imports)]` on by default

warning: unused import: `routing`
 --> src/main.rs:5:12
  |
5 | use axum::{routing};
  |            ^^^^^^^

[Running 'cargo run']
    Blocking waiting for file lock on build directory
   Compiling todo_backend_rust v0.0.0 (/home/yuki/Desktop/personal/projects/todo_trpc/backend_rust)
warning: unused import: `tower_http::cors`
 --> src/main.rs:4:5
  |
4 | use tower_http::cors;
  |     ^^^^^^^^^^^^^^^^
  |
  = note: `#[warn(unused_imports)]` on by default

warning: unused import: `routing`
 --> src/main.rs:5:12
  |
5 | use axum::{routing};
  |            ^^^^^^^

[Running 'cargo run']
    Blocking waiting for file lock on build directory
   Compiling todo_backend_rust v0.0.0 (/home/yuki/Desktop/personal/projects/todo_trpc/backend_rust)
    Finished dev [unoptimized + debuginfo] target(s) in 14.77s
     Running `target/debug/todo_backend_rust`
listening on http://0.0.0.0:4000/rspc
[Running 'cargo run']
   Compiling todo_backend_rust v0.0.0 (/home/yuki/Desktop/personal/projects/todo_trpc/backend_rust)
    Finished dev [unoptimized + debuginfo] target(s) in 13.15s
     Running `target/debug/todo_backend_rust`
listening on http://0.0.0.0:4000/rspc
[Running 'cargo run']
   Compiling todo_backend_rust v0.0.0 (/home/yuki/Desktop/personal/projects/todo_trpc/backend_rust)
    Finished dev [unoptimized + debuginfo] target(s) in 12.66s
     Running `target/debug/todo_backend_rust`
listening on http://0.0.0.0:4000/rspc
[Running 'cargo run']
   Compiling todo_backend_rust v0.0.0 (/home/yuki/Desktop/personal/projects/todo_trpc/backend_rust)
    Finished dev [unoptimized + debuginfo] target(s) in 12.38s
     Running `target/debug/todo_backend_rust`
listening on http://0.0.0.0:4000/rspc
[Running 'cargo run']
   Compiling todo_backend_rust v0.0.0 (/home/yuki/Desktop/personal/projects/todo_trpc/backend_rust)
error[E0433]: failed to resolve: use of undeclared crate or module `clients`
 --> src/clients/mod.rs:6:14
  |
6 |     Arc::new(clients::prisma::new_client().await.unwrap())
  |              ^^^^^^^ use of undeclared crate or module `clients`

error[E0728]: `await` is only allowed inside `async` functions and blocks
 --> src/clients/mod.rs:6:43
  |
5 | pub fn new() -> Arc<prisma::PrismaClient> {
  |        --- this is not `async`
6 |     Arc::new(clients::prisma::new_client().await.unwrap())
  |                                           ^^^^^^ only allowed inside `async` functions and blocks

Some errors have detailed explanations: E0433, E0728.
For more information about an error, try `rustc --explain E0433`.
error: could not compile `todo_backend_rust` due to 2 previous errors
[Finished running. Exit status: 101]
[Running 'cargo run']
   Compiling todo_backend_rust v0.0.0 (/home/yuki/Desktop/personal/projects/todo_trpc/backend_rust)
error[E0433]: failed to resolve: use of undeclared crate or module `clients`
 --> src/clients/mod.rs:6:14
  |
6 |     Arc::new(clients::prisma::new_client().await.unwrap())
  |              ^^^^^^^ use of undeclared crate or module `clients`

error[E0728]: `await` is only allowed inside `async` functions and blocks
 --> src/clients/mod.rs:6:43
  |
5 | pub fn new() -> Arc<prisma::PrismaClient> {
  |        --- this is not `async`
6 |     Arc::new(clients::prisma::new_client().await.unwrap())
  |                                           ^^^^^^ only allowed inside `async` functions and blocks

Some errors have detailed explanations: E0433, E0728.
For more information about an error, try `rustc --explain E0433`.
error: could not compile `todo_backend_rust` due to 2 previous errors
[Finished running. Exit status: 101]
[Running 'cargo run']
   Compiling todo_backend_rust v0.0.0 (/home/yuki/Desktop/personal/projects/todo_trpc/backend_rust)
error[E0433]: failed to resolve: use of undeclared crate or module `clients`
 --> src/clients/mod.rs:6:14
  |
6 |     Arc::new(clients::prisma::new_client().await.unwrap())
  |              ^^^^^^^ use of undeclared crate or module `clients`

error[E0728]: `await` is only allowed inside `async` functions and blocks
 --> src/clients/mod.rs:6:43
  |
5 | pub fn new() -> Arc<prisma::PrismaClient> {
  |        --- this is not `async`
6 |     Arc::new(clients::prisma::new_client().await.unwrap())
  |                                           ^^^^^^ only allowed inside `async` functions and blocks

Some errors have detailed explanations: E0433, E0728.
For more information about an error, try `rustc --explain E0433`.
error: could not compile `todo_backend_rust` due to 2 previous errors
[Finished running. Exit status: 101]
[Running 'cargo run']
   Compiling todo_backend_rust v0.0.0 (/home/yuki/Desktop/personal/projects/todo_trpc/backend_rust)
error[E0728]: `await` is only allowed inside `async` functions and blocks
 --> src/clients/mod.rs:6:34
  |
5 | pub fn new() -> Arc<prisma::PrismaClient> {
  |        --- this is not `async`
6 |     Arc::new(prisma::new_client().await.unwrap())
  |                                  ^^^^^^ only allowed inside `async` functions and blocks

For more information about this error, try `rustc --explain E0728`.
error: could not compile `todo_backend_rust` due to previous error
[Finished running. Exit status: 101]
[Running 'cargo run']
   Compiling todo_backend_rust v0.0.0 (/home/yuki/Desktop/personal/projects/todo_trpc/backend_rust)
warning: function `new` is never used
 --> src/clients/mod.rs:5:15
  |
5 | pub async  fn new() -> Arc<prisma::PrismaClient> {
  |               ^^^
  |
  = note: `#[warn(dead_code)]` on by default

[Running 'cargo run']
    Blocking waiting for file lock on build directory
   Compiling todo_backend_rust v0.0.0 (/home/yuki/Desktop/personal/projects/todo_trpc/backend_rust)
warning: function `new` is never used
 --> src/clients/mod.rs:5:14
  |
5 | pub async fn new() -> Arc<prisma::PrismaClient> {
  |              ^^^
  |
  = note: `#[warn(dead_code)]` on by default

warning: `todo_backend_rust` (bin "todo_backend_rust") generated 1 warning
    Finished dev [unoptimized + debuginfo] target(s) in 12.44s
     Running `target/debug/todo_backend_rust`
listening on http://0.0.0.0:4000/rspc
[Running 'cargo run']
   Compiling todo_backend_rust v0.0.0 (/home/yuki/Desktop/personal/projects/todo_trpc/backend_rust)
error[E0603]: module `prisma` is private
 --> src/api.rs:7:28
  |
7 | use crate::clients::{self, prisma};
  |                            ^^^^^^ private module
  |
note: the module `prisma` is defined here
 --> src/clients/mod.rs:3:1
  |
3 | mod prisma;
  | ^^^^^^^^^^^

error[E0603]: module `prisma` is private
 --> src/router.rs:7:22
  |
7 | use crate::{clients::prisma, api::Ctx};
  |                      ^^^^^^ private module
  |
note: the module `prisma` is defined here
 --> src/clients/mod.rs:3:1
  |
3 | mod prisma;
  | ^^^^^^^^^^^

error[E0603]: module `prisma` is private
  --> src/api.rs:10:26
   |
10 |     pub db: Arc<clients::prisma::PrismaClient>
   |                          ^^^^^^ private module
   |
note: the module `prisma` is defined here
  --> src/clients/mod.rs:3:1
   |
3  | mod prisma;
   | ^^^^^^^^^^^

error[E0603]: module `prisma` is private
  --> src/main.rs:11:32
   |
11 |     let db = Arc::new(clients::prisma::new_client().await.unwrap());
   |                                ^^^^^^ private module
   |
note: the module `prisma` is defined here
  --> src/clients/mod.rs:3:1
   |
3  | mod prisma;
   | ^^^^^^^^^^^

For more information about this error, try `rustc --explain E0603`.
error: could not compile `todo_backend_rust` due to 4 previous errors
[Finished running. Exit status: 101]
[Running 'cargo run']
   Compiling todo_backend_rust v0.0.0 (/home/yuki/Desktop/personal/projects/todo_trpc/backend_rust)
error[E0603]: module `prisma` is private
 --> src/api.rs:7:28
  |
7 | use crate::clients::{self, prisma};
  |                            ^^^^^^ private module
  |
note: the module `prisma` is defined here
 --> src/clients/mod.rs:3:1
  |
3 | mod prisma;
  | ^^^^^^^^^^^

error[E0603]: module `prisma` is private
 --> src/router.rs:7:22
  |
7 | use crate::{clients::prisma, api::Ctx};
  |                      ^^^^^^ private module
  |
note: the module `prisma` is defined here
 --> src/clients/mod.rs:3:1
  |
3 | mod prisma;
  | ^^^^^^^^^^^

error[E0603]: module `prisma` is private
  --> src/api.rs:10:26
   |
10 |     pub db: Arc<clients::prisma::PrismaClient>
   |                          ^^^^^^ private module
   |
note: the module `prisma` is defined here
  --> src/clients/mod.rs:3:1
   |
3  | mod prisma;
   | ^^^^^^^^^^^

error[E0603]: module `prisma` is private
  --> src/main.rs:11:32
   |
11 |     let db = Arc::new(clients::prisma::new_client().await.unwrap());
   |                                ^^^^^^ private module
   |
note: the module `prisma` is defined here
  --> src/clients/mod.rs:3:1
   |
3  | mod prisma;
   | ^^^^^^^^^^^

For more information about this error, try `rustc --explain E0603`.
error: could not compile `todo_backend_rust` due to 4 previous errors
[Finished running. Exit status: 101]
[Running 'cargo run']
   Compiling todo_backend_rust v0.0.0 (/home/yuki/Desktop/personal/projects/todo_trpc/backend_rust)
error[E0603]: module `prisma` is private
 --> src/api.rs:7:28
  |
7 | use crate::clients::{self, prisma};
  |                            ^^^^^^ private module
  |
note: the module `prisma` is defined here
 --> src/clients/mod.rs:3:1
  |
3 | mod prisma;
  | ^^^^^^^^^^^

error[E0603]: module `prisma` is private
 --> src/router.rs:7:22
  |
7 | use crate::{clients::prisma, api::Ctx};
  |                      ^^^^^^ private module
  |
note: the module `prisma` is defined here
 --> src/clients/mod.rs:3:1
  |
3 | mod prisma;
  | ^^^^^^^^^^^

error[E0603]: module `prisma` is private
  --> src/api.rs:10:26
   |
10 |     pub db: Arc<clients::prisma::PrismaClient>
   |                          ^^^^^^ private module
   |
note: the module `prisma` is defined here
  --> src/clients/mod.rs:3:1
   |
3  | mod prisma;
   | ^^^^^^^^^^^

error[E0603]: module `prisma` is private
  --> src/main.rs:11:32
   |
11 |     let db = Arc::new(clients::prisma::new_client().await.unwrap());
   |                                ^^^^^^ private module
   |
note: the module `prisma` is defined here
  --> src/clients/mod.rs:3:1
   |
3  | mod prisma;
   | ^^^^^^^^^^^

For more information about this error, try `rustc --explain E0603`.
error: could not compile `todo_backend_rust` due to 4 previous errors
[Finished running. Exit status: 101]
[Running 'cargo run']
   Compiling todo_backend_rust v0.0.0 (/home/yuki/Desktop/personal/projects/todo_trpc/backend_rust)
error[E0603]: module `prisma` is private
 --> src/api.rs:7:28
  |
7 | use crate::clients::{self, prisma};
  |                            ^^^^^^ private module
  |
note: the module `prisma` is defined here
 --> src/clients/mod.rs:3:1
  |
3 | mod prisma;
  | ^^^^^^^^^^^

error[E0603]: module `prisma` is private
 --> src/router.rs:7:22
  |
7 | use crate::{clients::prisma, api::Ctx};
  |                      ^^^^^^ private module
  |
note: the module `prisma` is defined here
 --> src/clients/mod.rs:3:1
  |
3 | mod prisma;
  | ^^^^^^^^^^^

error[E0603]: module `prisma` is private
  --> src/api.rs:10:26
   |
10 |     pub db: Arc<clients::prisma::PrismaClient>
   |                          ^^^^^^ private module
   |
note: the module `prisma` is defined here
  --> src/clients/mod.rs:3:1
   |
3  | mod prisma;
   | ^^^^^^^^^^^

warning: unused import: `std::sync::Arc`
 --> src/main.rs:3:5
  |
3 | use std::sync::Arc;
  |     ^^^^^^^^^^^^^^
  |
  = note: `#[warn(unused_imports)]` on by default

For more information about this error, try `rustc --explain E0603`.
warning: `todo_backend_rust` (bin "todo_backend_rust") generated 1 warning
error: could not compile `todo_backend_rust` due to 3 previous errors; 1 warning emitted
[Finished running. Exit status: 101]
[Running 'cargo run']
   Compiling todo_backend_rust v0.0.0 (/home/yuki/Desktop/personal/projects/todo_trpc/backend_rust)
error[E0603]: module `prisma` is private
 --> src/api.rs:7:28
  |
7 | use crate::clients::{self, prisma};
  |                            ^^^^^^ private module
  |
note: the module `prisma` is defined here
 --> src/clients/mod.rs:3:1
  |
3 | mod prisma;
  | ^^^^^^^^^^^

error[E0603]: module `prisma` is private
 --> src/router.rs:7:22
  |
7 | use crate::{clients::prisma, api::Ctx};
  |                      ^^^^^^ private module
  |
note: the module `prisma` is defined here
 --> src/clients/mod.rs:3:1
  |
3 | mod prisma;
  | ^^^^^^^^^^^

error[E0603]: module `prisma` is private
  --> src/api.rs:10:26
   |
10 |     pub db: Arc<clients::prisma::PrismaClient>
   |                          ^^^^^^ private module
   |
note: the module `prisma` is defined here
  --> src/clients/mod.rs:3:1
   |
3  | mod prisma;
   | ^^^^^^^^^^^

warning: unused import: `std::sync::Arc`
 --> src/main.rs:3:5
  |
3 | use std::sync::Arc;
  |     ^^^^^^^^^^^^^^
  |
  = note: `#[warn(unused_imports)]` on by default

For more information about this error, try `rustc --explain E0603`.
warning: `todo_backend_rust` (bin "todo_backend_rust") generated 1 warning
error: could not compile `todo_backend_rust` due to 3 previous errors; 1 warning emitted
[Finished running. Exit status: 101]
[Running 'cargo run']
   Compiling todo_backend_rust v0.0.0 (/home/yuki/Desktop/personal/projects/todo_trpc/backend_rust)
error[E0603]: module `prisma` is private
 --> src/api.rs:7:28
  |
7 | use crate::clients::{self, prisma};
  |                            ^^^^^^ private module
  |
note: the module `prisma` is defined here
 --> src/clients/mod.rs:3:1
  |
3 | mod prisma;
  | ^^^^^^^^^^^

error[E0603]: module `prisma` is private
 --> src/router.rs:7:22
  |
7 | use crate::{clients::prisma, api::Ctx};
  |                      ^^^^^^ private module
  |
note: the module `prisma` is defined here
 --> src/clients/mod.rs:3:1
  |
3 | mod prisma;
  | ^^^^^^^^^^^

error[E0603]: module `prisma` is private
  --> src/api.rs:10:26
   |
10 |     pub db: Arc<clients::prisma::PrismaClient>
   |                          ^^^^^^ private module
   |
note: the module `prisma` is defined here
  --> src/clients/mod.rs:3:1
   |
3  | mod prisma;
   | ^^^^^^^^^^^

For more information about this error, try `rustc --explain E0603`.
error: could not compile `todo_backend_rust` due to 3 previous errors
[Finished running. Exit status: 101]
[Running 'cargo run']
   Compiling todo_backend_rust v0.0.0 (/home/yuki/Desktop/personal/projects/todo_trpc/backend_rust)
error[E0308]: mismatched types
  --> src/main.rs:13:35
   |
13 |     let router = router::new(api, db);
   |                  -----------      ^^ expected struct `Arc`, found opaque type
   |                  |
   |                  arguments to this function are incorrect
   |
note: while checking the return type of the `async fn`
  --> src/clients/mod.rs:5:37
   |
5  | pub async fn new_prisma_client() -> Arc<prisma::PrismaClient> {
   |                                     ^^^^^^^^^^^^^^^^^^^^^^^^^ checked the `Output` of this `async fn`, found opaque type
   = note:   expected struct `Arc<prisma::_prisma::PrismaClient>`
           found opaque type `impl std::future::Future<Output = Arc<prisma::_prisma::PrismaClient>>`
note: function defined here
  --> src/router.rs:9:8
   |
9  | pub fn new(
   |        ^^^
10 |     api: Arc<Router<Ctx>>,
   |     ---------------------
11 |     db: Arc<prisma::PrismaClient>,
   |     -----------------------------
help: consider `await`ing on the `Future`
   |
13 |     let router = router::new(api, db.await);
   |                                     ++++++

For more information about this error, try `rustc --explain E0308`.
error: could not compile `todo_backend_rust` due to previous error
[Finished running. Exit status: 101]
[Running 'cargo run']
   Compiling todo_backend_rust v0.0.0 (/home/yuki/Desktop/personal/projects/todo_trpc/backend_rust)
error[E0308]: mismatched types
  --> src/main.rs:13:35
   |
13 |     let router = router::new(api, db);
   |                  -----------      ^^ expected struct `Arc`, found opaque type
   |                  |
   |                  arguments to this function are incorrect
   |
note: while checking the return type of the `async fn`
  --> src/clients/mod.rs:5:37
   |
5  | pub async fn new_prisma_client() -> Arc<prisma::PrismaClient> {
   |                                     ^^^^^^^^^^^^^^^^^^^^^^^^^ checked the `Output` of this `async fn`, found opaque type
   = note:   expected struct `Arc<prisma::_prisma::PrismaClient>`
           found opaque type `impl std::future::Future<Output = Arc<prisma::_prisma::PrismaClient>>`
note: function defined here
  --> src/router.rs:9:8
   |
9  | pub fn new(
   |        ^^^
10 |     api: Arc<Router<Ctx>>,
   |     ---------------------
11 |     db: Arc<prisma::PrismaClient>,
   |     -----------------------------
help: consider `await`ing on the `Future`
   |
13 |     let router = router::new(api, db.await);
   |                                     ++++++

For more information about this error, try `rustc --explain E0308`.
error: could not compile `todo_backend_rust` due to previous error
[Finished running. Exit status: 101]
[Running 'cargo run']
   Compiling todo_backend_rust v0.0.0 (/home/yuki/Desktop/personal/projects/todo_trpc/backend_rust)
error[E0308]: mismatched types
  --> src/main.rs:13:35
   |
13 |     let router = router::new(api, db);
   |                  -----------      ^^ expected struct `Arc`, found opaque type
   |                  |
   |                  arguments to this function are incorrect
   |
note: while checking the return type of the `async fn`
  --> src/clients/mod.rs:5:37
   |
5  | pub async fn new_prisma_client() -> Arc<prisma::PrismaClient> {
   |                                     ^^^^^^^^^^^^^^^^^^^^^^^^^ checked the `Output` of this `async fn`, found opaque type
   = note:   expected struct `Arc<prisma::_prisma::PrismaClient>`
           found opaque type `impl std::future::Future<Output = Arc<prisma::_prisma::PrismaClient>>`
note: function defined here
  --> src/router.rs:9:8
   |
9  | pub fn new(
   |        ^^^
10 |     api: Arc<Router<Ctx>>,
   |     ---------------------
11 |     db: Arc<prisma::PrismaClient>,
   |     -----------------------------
help: consider `await`ing on the `Future`
   |
13 |     let router = router::new(api, db.await);
   |                                     ++++++

For more information about this error, try `rustc --explain E0308`.
error: could not compile `todo_backend_rust` due to previous error
[Finished running. Exit status: 101]
[Running 'cargo run']
   Compiling todo_backend_rust v0.0.0 (/home/yuki/Desktop/personal/projects/todo_trpc/backend_rust)
    Finished dev [unoptimized + debuginfo] target(s) in 12.66s
     Running `target/debug/todo_backend_rust`
listening on http://0.0.0.0:4000/rspc
[Running 'cargo run']
   Compiling todo_backend_rust v0.0.0 (/home/yuki/Desktop/personal/projects/todo_trpc/backend_rust)
    Finished dev [unoptimized + debuginfo] target(s) in 12.43s
     Running `target/debug/todo_backend_rust`
listening on 